{"D:\\BELAJAR\\RUBICAMP\\PROJECT\\phonebook\\frontend\\src\\App.js": {"path":"D:\\BELAJAR\\RUBICAMP\\PROJECT\\phonebook\\frontend\\src\\App.js","statementMap":{"0":{"start":{"line":11,"column":17},"end":{"line":82,"column":1}},"1":{"start":{"line":12,"column":19},"end":{"line":12,"column":32}},"2":{"start":{"line":25,"column":6},"end":{"line":25,"column":19}},"3":{"start":{"line":27,"column":21},"end":{"line":39,"column":3}},"4":{"start":{"line":28,"column":4},"end":{"line":38,"column":5}},"5":{"start":{"line":29,"column":6},"end":{"line":29,"column":50}},"6":{"start":{"line":31,"column":30},"end":{"line":33,"column":7}},"7":{"start":{"line":32,"column":8},"end":{"line":32,"column":71}},"8":{"start":{"line":34,"column":6},"end":{"line":34,"column":35}},"9":{"start":{"line":35,"column":6},"end":{"line":35,"column":24}},"10":{"start":{"line":37,"column":6},"end":{"line":37,"column":54}},"11":{"start":{"line":41,"column":23},"end":{"line":53,"column":3}},"12":{"start":{"line":42,"column":4},"end":{"line":45,"column":5}},"13":{"start":{"line":43,"column":6},"end":{"line":43,"column":59}},"14":{"start":{"line":44,"column":6},"end":{"line":44,"column":13}},"15":{"start":{"line":47,"column":4},"end":{"line":52,"column":5}},"16":{"start":{"line":48,"column":6},"end":{"line":48,"column":34}},"17":{"start":{"line":49,"column":6},"end":{"line":49,"column":24}},"18":{"start":{"line":51,"column":6},"end":{"line":51,"column":54}},"19":{"start":{"line":55,"column":21},"end":{"line":58,"column":3}},"20":{"start":{"line":56,"column":4},"end":{"line":56,"column":22}},"21":{"start":{"line":57,"column":4},"end":{"line":57,"column":28}},"22":{"start":{"line":60,"column":2},"end":{"line":60,"column":64}},"23":{"start":{"line":60,"column":13},"end":{"line":60,"column":64}},"24":{"start":{"line":62,"column":2},"end":{"line":81,"column":4}},"25":{"start":{"line":68,"column":21},"end":{"line":68,"column":37}},"26":{"start":{"line":84,"column":12},"end":{"line":103,"column":1}},"27":{"start":{"line":85,"column":20},"end":{"line":92,"column":3}},"28":{"start":{"line":86,"column":4},"end":{"line":91,"column":5}},"29":{"start":{"line":87,"column":6},"end":{"line":87,"column":36}},"30":{"start":{"line":89,"column":6},"end":{"line":89,"column":52}},"31":{"start":{"line":90,"column":6},"end":{"line":90,"column":18}},"32":{"start":{"line":94,"column":2},"end":{"line":102,"column":4}}},"fnMap":{"0":{"name":"(anonymous_0)","decl":{"start":{"line":11,"column":17},"end":{"line":11,"column":18}},"loc":{"start":{"line":11,"column":23},"end":{"line":82,"column":1}},"line":11},"1":{"name":"(anonymous_1)","decl":{"start":{"line":27,"column":21},"end":{"line":27,"column":22}},"loc":{"start":{"line":27,"column":51},"end":{"line":39,"column":3}},"line":27},"2":{"name":"(anonymous_2)","decl":{"start":{"line":31,"column":43},"end":{"line":31,"column":44}},"loc":{"start":{"line":32,"column":8},"end":{"line":32,"column":71}},"line":32},"3":{"name":"(anonymous_3)","decl":{"start":{"line":41,"column":23},"end":{"line":41,"column":24}},"loc":{"start":{"line":41,"column":37},"end":{"line":53,"column":3}},"line":41},"4":{"name":"(anonymous_4)","decl":{"start":{"line":55,"column":21},"end":{"line":55,"column":22}},"loc":{"start":{"line":55,"column":44},"end":{"line":58,"column":3}},"line":55},"5":{"name":"(anonymous_5)","decl":{"start":{"line":68,"column":15},"end":{"line":68,"column":16}},"loc":{"start":{"line":68,"column":21},"end":{"line":68,"column":37}},"line":68},"6":{"name":"(anonymous_6)","decl":{"start":{"line":84,"column":12},"end":{"line":84,"column":13}},"loc":{"start":{"line":84,"column":18},"end":{"line":103,"column":1}},"line":84},"7":{"name":"(anonymous_7)","decl":{"start":{"line":85,"column":20},"end":{"line":85,"column":21}},"loc":{"start":{"line":85,"column":39},"end":{"line":92,"column":3}},"line":85}},"branchMap":{"0":{"loc":{"start":{"line":32,"column":8},"end":{"line":32,"column":71}},"type":"cond-expr","locations":[{"start":{"line":32,"column":28},"end":{"line":32,"column":61}},{"start":{"line":32,"column":64},"end":{"line":32,"column":71}}],"line":32},"1":{"loc":{"start":{"line":42,"column":4},"end":{"line":45,"column":5}},"type":"if","locations":[{"start":{"line":42,"column":4},"end":{"line":45,"column":5}},{"start":{},"end":{}}],"line":42},"2":{"loc":{"start":{"line":60,"column":2},"end":{"line":60,"column":64}},"type":"if","locations":[{"start":{"line":60,"column":2},"end":{"line":60,"column":64}},{"start":{},"end":{}}],"line":60},"3":{"loc":{"start":{"line":79,"column":7},"end":{"line":79,"column":59}},"type":"binary-expr","locations":[{"start":{"line":79,"column":7},"end":{"line":79,"column":14}},{"start":{"line":79,"column":18},"end":{"line":79,"column":59}}],"line":79}},"s":{"0":0,"1":0,"2":0,"3":0,"4":0,"5":0,"6":0,"7":0,"8":0,"9":0,"10":0,"11":0,"12":0,"13":0,"14":0,"15":0,"16":0,"17":0,"18":0,"19":0,"20":0,"21":0,"22":0,"23":0,"24":0,"25":0,"26":0,"27":0,"28":0,"29":0,"30":0,"31":0,"32":0},"f":{"0":0,"1":0,"2":0,"3":0,"4":0,"5":0,"6":0,"7":0},"b":{"0":[0,0],"1":[0,0],"2":[0,0],"3":[0,0]}}
,"D:\\BELAJAR\\RUBICAMP\\PROJECT\\phonebook\\frontend\\src\\components\\AddContact.js": {"path":"D:\\BELAJAR\\RUBICAMP\\PROJECT\\phonebook\\frontend\\src\\components\\AddContact.js","statementMap":{"0":{"start":{"line":4,"column":19},"end":{"line":75,"column":1}},"1":{"start":{"line":5,"column":26},"end":{"line":5,"column":59}},"2":{"start":{"line":6,"column":28},"end":{"line":6,"column":40}},"3":{"start":{"line":7,"column":42},"end":{"line":7,"column":57}},"4":{"start":{"line":8,"column":19},"end":{"line":8,"column":32}},"5":{"start":{"line":10,"column":23},"end":{"line":29,"column":3}},"6":{"start":{"line":11,"column":4},"end":{"line":11,"column":23}},"7":{"start":{"line":12,"column":4},"end":{"line":12,"column":17}},"8":{"start":{"line":13,"column":4},"end":{"line":13,"column":26}},"9":{"start":{"line":15,"column":4},"end":{"line":19,"column":5}},"10":{"start":{"line":16,"column":6},"end":{"line":16,"column":53}},"11":{"start":{"line":17,"column":6},"end":{"line":17,"column":29}},"12":{"start":{"line":18,"column":6},"end":{"line":18,"column":13}},"13":{"start":{"line":21,"column":4},"end":{"line":28,"column":5}},"14":{"start":{"line":22,"column":6},"end":{"line":22,"column":24}},"15":{"start":{"line":23,"column":6},"end":{"line":23,"column":20}},"16":{"start":{"line":25,"column":6},"end":{"line":25,"column":56}},"17":{"start":{"line":27,"column":6},"end":{"line":27,"column":29}},"18":{"start":{"line":31,"column":23},"end":{"line":34,"column":3}},"19":{"start":{"line":32,"column":28},"end":{"line":32,"column":36}},"20":{"start":{"line":33,"column":4},"end":{"line":33,"column":50}},"21":{"start":{"line":33,"column":21},"end":{"line":33,"column":47}},"22":{"start":{"line":36,"column":2},"end":{"line":74,"column":4}},"23":{"start":{"line":66,"column":27},"end":{"line":66,"column":40}}},"fnMap":{"0":{"name":"(anonymous_0)","decl":{"start":{"line":4,"column":19},"end":{"line":4,"column":20}},"loc":{"start":{"line":4,"column":34},"end":{"line":75,"column":1}},"line":4},"1":{"name":"(anonymous_1)","decl":{"start":{"line":10,"column":23},"end":{"line":10,"column":24}},"loc":{"start":{"line":10,"column":36},"end":{"line":29,"column":3}},"line":10},"2":{"name":"(anonymous_2)","decl":{"start":{"line":31,"column":23},"end":{"line":31,"column":24}},"loc":{"start":{"line":31,"column":30},"end":{"line":34,"column":3}},"line":31},"3":{"name":"(anonymous_3)","decl":{"start":{"line":33,"column":12},"end":{"line":33,"column":13}},"loc":{"start":{"line":33,"column":21},"end":{"line":33,"column":47}},"line":33},"4":{"name":"(anonymous_4)","decl":{"start":{"line":66,"column":21},"end":{"line":66,"column":22}},"loc":{"start":{"line":66,"column":27},"end":{"line":66,"column":40}},"line":66}},"branchMap":{"0":{"loc":{"start":{"line":15,"column":4},"end":{"line":19,"column":5}},"type":"if","locations":[{"start":{"line":15,"column":4},"end":{"line":19,"column":5}},{"start":{},"end":{}}],"line":15},"1":{"loc":{"start":{"line":15,"column":8},"end":{"line":15,"column":47}},"type":"binary-expr","locations":[{"start":{"line":15,"column":8},"end":{"line":15,"column":25}},{"start":{"line":15,"column":29},"end":{"line":15,"column":47}}],"line":15},"2":{"loc":{"start":{"line":25,"column":15},"end":{"line":25,"column":54}},"type":"binary-expr","locations":[{"start":{"line":25,"column":15},"end":{"line":25,"column":28}},{"start":{"line":25,"column":32},"end":{"line":25,"column":54}}],"line":25},"3":{"loc":{"start":{"line":39,"column":7},"end":{"line":39,"column":56}},"type":"binary-expr","locations":[{"start":{"line":39,"column":7},"end":{"line":39,"column":12}},{"start":{"line":39,"column":16},"end":{"line":39,"column":56}}],"line":39},"4":{"loc":{"start":{"line":61,"column":13},"end":{"line":61,"column":48}},"type":"cond-expr","locations":[{"start":{"line":61,"column":28},"end":{"line":61,"column":39}},{"start":{"line":61,"column":42},"end":{"line":61,"column":48}}],"line":61}},"s":{"0":0,"1":0,"2":0,"3":0,"4":0,"5":0,"6":0,"7":0,"8":0,"9":0,"10":0,"11":0,"12":0,"13":0,"14":0,"15":0,"16":0,"17":0,"18":0,"19":0,"20":0,"21":0,"22":0,"23":0},"f":{"0":0,"1":0,"2":0,"3":0,"4":0},"b":{"0":[0,0],"1":[0,0],"2":[0,0],"3":[0,0],"4":[0,0]}}
,"D:\\BELAJAR\\RUBICAMP\\PROJECT\\phonebook\\frontend\\src\\components\\AvatarUpload.js": {"path":"D:\\BELAJAR\\RUBICAMP\\PROJECT\\phonebook\\frontend\\src\\components\\AvatarUpload.js","statementMap":{"0":{"start":{"line":5,"column":21},"end":{"line":185,"column":1}},"1":{"start":{"line":6,"column":17},"end":{"line":6,"column":28}},"2":{"start":{"line":7,"column":19},"end":{"line":7,"column":32}},"3":{"start":{"line":8,"column":32},"end":{"line":8,"column":46}},"4":{"start":{"line":9,"column":44},"end":{"line":9,"column":58}},"5":{"start":{"line":10,"column":36},"end":{"line":10,"column":51}},"6":{"start":{"line":11,"column":28},"end":{"line":11,"column":40}},"7":{"start":{"line":12,"column":23},"end":{"line":12,"column":35}},"8":{"start":{"line":13,"column":34},"end":{"line":13,"column":49}},"9":{"start":{"line":15,"column":2},"end":{"line":28,"column":11}},"10":{"start":{"line":16,"column":25},"end":{"line":26,"column":5}},"11":{"start":{"line":17,"column":6},"end":{"line":25,"column":7}},"12":{"start":{"line":18,"column":24},"end":{"line":18,"column":52}},"13":{"start":{"line":19,"column":8},"end":{"line":21,"column":9}},"14":{"start":{"line":20,"column":10},"end":{"line":20,"column":42}},"15":{"start":{"line":23,"column":8},"end":{"line":23,"column":56}},"16":{"start":{"line":24,"column":8},"end":{"line":24,"column":54}},"17":{"start":{"line":27,"column":4},"end":{"line":27,"column":19}},"18":{"start":{"line":30,"column":27},"end":{"line":48,"column":8}},"19":{"start":{"line":31,"column":23},"end":{"line":31,"column":63}},"20":{"start":{"line":32,"column":4},"end":{"line":35,"column":5}},"21":{"start":{"line":33,"column":6},"end":{"line":33,"column":62}},"22":{"start":{"line":34,"column":6},"end":{"line":34,"column":13}},"23":{"start":{"line":37,"column":4},"end":{"line":40,"column":5}},"24":{"start":{"line":38,"column":6},"end":{"line":38,"column":52}},"25":{"start":{"line":39,"column":6},"end":{"line":39,"column":13}},"26":{"start":{"line":42,"column":19},"end":{"line":42,"column":35}},"27":{"start":{"line":43,"column":4},"end":{"line":46,"column":6}},"28":{"start":{"line":44,"column":6},"end":{"line":44,"column":32}},"29":{"start":{"line":45,"column":6},"end":{"line":45,"column":19}},"30":{"start":{"line":47,"column":4},"end":{"line":47,"column":31}},"31":{"start":{"line":50,"column":25},"end":{"line":53,"column":8}},"32":{"start":{"line":51,"column":4},"end":{"line":51,"column":23}},"33":{"start":{"line":52,"column":4},"end":{"line":52,"column":22}},"34":{"start":{"line":55,"column":26},"end":{"line":58,"column":8}},"35":{"start":{"line":56,"column":4},"end":{"line":56,"column":23}},"36":{"start":{"line":57,"column":4},"end":{"line":57,"column":23}},"37":{"start":{"line":60,"column":21},"end":{"line":67,"column":24}},"38":{"start":{"line":61,"column":4},"end":{"line":61,"column":23}},"39":{"start":{"line":62,"column":4},"end":{"line":62,"column":23}},"40":{"start":{"line":63,"column":17},"end":{"line":63,"column":40}},"41":{"start":{"line":64,"column":4},"end":{"line":66,"column":5}},"42":{"start":{"line":65,"column":6},"end":{"line":65,"column":29}},"43":{"start":{"line":69,"column":26},"end":{"line":74,"column":24}},"44":{"start":{"line":70,"column":17},"end":{"line":70,"column":34}},"45":{"start":{"line":71,"column":4},"end":{"line":73,"column":5}},"46":{"start":{"line":72,"column":6},"end":{"line":72,"column":29}},"47":{"start":{"line":76,"column":23},"end":{"line":97,"column":29}},"48":{"start":{"line":77,"column":4},"end":{"line":77,"column":25}},"49":{"start":{"line":77,"column":18},"end":{"line":77,"column":25}},"50":{"start":{"line":79,"column":4},"end":{"line":96,"column":5}},"51":{"start":{"line":80,"column":6},"end":{"line":80,"column":25}},"52":{"start":{"line":81,"column":6},"end":{"line":81,"column":19}},"53":{"start":{"line":83,"column":23},"end":{"line":83,"column":43}},"54":{"start":{"line":84,"column":19},"end":{"line":84,"column":40}},"55":{"start":{"line":85,"column":19},"end":{"line":85,"column":73}},"56":{"start":{"line":87,"column":23},"end":{"line":87,"column":37}},"57":{"start":{"line":88,"column":6},"end":{"line":88,"column":37}},"58":{"start":{"line":90,"column":6},"end":{"line":90,"column":43}},"59":{"start":{"line":91,"column":6},"end":{"line":91,"column":20}},"60":{"start":{"line":93,"column":6},"end":{"line":93,"column":61}},"61":{"start":{"line":95,"column":6},"end":{"line":95,"column":26}},"62":{"start":{"line":99,"column":25},"end":{"line":101,"column":8}},"63":{"start":{"line":100,"column":4},"end":{"line":100,"column":34}},"64":{"start":{"line":103,"column":24},"end":{"line":110,"column":8}},"65":{"start":{"line":104,"column":4},"end":{"line":109,"column":5}},"66":{"start":{"line":105,"column":21},"end":{"line":105,"column":79}},"67":{"start":{"line":106,"column":6},"end":{"line":106,"column":56}},"68":{"start":{"line":106,"column":42},"end":{"line":106,"column":54}},"69":{"start":{"line":108,"column":6},"end":{"line":108,"column":69}},"70":{"start":{"line":112,"column":2},"end":{"line":184,"column":4}},"71":{"start":{"line":117,"column":58},"end":{"line":117,"column":71}},"72":{"start":{"line":176,"column":27},"end":{"line":176,"column":40}}},"fnMap":{"0":{"name":"(anonymous_0)","decl":{"start":{"line":5,"column":21},"end":{"line":5,"column":22}},"loc":{"start":{"line":5,"column":27},"end":{"line":185,"column":1}},"line":5},"1":{"name":"(anonymous_1)","decl":{"start":{"line":15,"column":12},"end":{"line":15,"column":13}},"loc":{"start":{"line":15,"column":18},"end":{"line":28,"column":3}},"line":15},"2":{"name":"(anonymous_2)","decl":{"start":{"line":16,"column":25},"end":{"line":16,"column":26}},"loc":{"start":{"line":16,"column":37},"end":{"line":26,"column":5}},"line":16},"3":{"name":"(anonymous_3)","decl":{"start":{"line":30,"column":39},"end":{"line":30,"column":40}},"loc":{"start":{"line":30,"column":49},"end":{"line":48,"column":3}},"line":30},"4":{"name":"(anonymous_4)","decl":{"start":{"line":43,"column":23},"end":{"line":43,"column":24}},"loc":{"start":{"line":43,"column":29},"end":{"line":46,"column":5}},"line":43},"5":{"name":"(anonymous_5)","decl":{"start":{"line":50,"column":37},"end":{"line":50,"column":38}},"loc":{"start":{"line":50,"column":44},"end":{"line":53,"column":3}},"line":50},"6":{"name":"(anonymous_6)","decl":{"start":{"line":55,"column":38},"end":{"line":55,"column":39}},"loc":{"start":{"line":55,"column":45},"end":{"line":58,"column":3}},"line":55},"7":{"name":"(anonymous_7)","decl":{"start":{"line":60,"column":33},"end":{"line":60,"column":34}},"loc":{"start":{"line":60,"column":40},"end":{"line":67,"column":3}},"line":60},"8":{"name":"(anonymous_8)","decl":{"start":{"line":69,"column":38},"end":{"line":69,"column":39}},"loc":{"start":{"line":69,"column":45},"end":{"line":74,"column":3}},"line":69},"9":{"name":"(anonymous_9)","decl":{"start":{"line":76,"column":35},"end":{"line":76,"column":36}},"loc":{"start":{"line":76,"column":47},"end":{"line":97,"column":3}},"line":76},"10":{"name":"(anonymous_10)","decl":{"start":{"line":99,"column":37},"end":{"line":99,"column":38}},"loc":{"start":{"line":99,"column":43},"end":{"line":101,"column":3}},"line":99},"11":{"name":"(anonymous_11)","decl":{"start":{"line":103,"column":36},"end":{"line":103,"column":37}},"loc":{"start":{"line":103,"column":48},"end":{"line":110,"column":3}},"line":103},"12":{"name":"(anonymous_12)","decl":{"start":{"line":106,"column":33},"end":{"line":106,"column":34}},"loc":{"start":{"line":106,"column":42},"end":{"line":106,"column":54}},"line":106},"13":{"name":"(anonymous_13)","decl":{"start":{"line":117,"column":52},"end":{"line":117,"column":53}},"loc":{"start":{"line":117,"column":58},"end":{"line":117,"column":71}},"line":117},"14":{"name":"(anonymous_14)","decl":{"start":{"line":176,"column":21},"end":{"line":176,"column":22}},"loc":{"start":{"line":176,"column":27},"end":{"line":176,"column":40}},"line":176}},"branchMap":{"0":{"loc":{"start":{"line":19,"column":8},"end":{"line":21,"column":9}},"type":"if","locations":[{"start":{"line":19,"column":8},"end":{"line":21,"column":9}},{"start":{},"end":{}}],"line":19},"1":{"loc":{"start":{"line":32,"column":4},"end":{"line":35,"column":5}},"type":"if","locations":[{"start":{"line":32,"column":4},"end":{"line":35,"column":5}},{"start":{},"end":{}}],"line":32},"2":{"loc":{"start":{"line":37,"column":4},"end":{"line":40,"column":5}},"type":"if","locations":[{"start":{"line":37,"column":4},"end":{"line":40,"column":5}},{"start":{},"end":{}}],"line":37},"3":{"loc":{"start":{"line":64,"column":4},"end":{"line":66,"column":5}},"type":"if","locations":[{"start":{"line":64,"column":4},"end":{"line":66,"column":5}},{"start":{},"end":{}}],"line":64},"4":{"loc":{"start":{"line":71,"column":4},"end":{"line":73,"column":5}},"type":"if","locations":[{"start":{"line":71,"column":4},"end":{"line":73,"column":5}},{"start":{},"end":{}}],"line":71},"5":{"loc":{"start":{"line":77,"column":4},"end":{"line":77,"column":25}},"type":"if","locations":[{"start":{"line":77,"column":4},"end":{"line":77,"column":25}},{"start":{},"end":{}}],"line":77},"6":{"loc":{"start":{"line":121,"column":36},"end":{"line":121,"column":63}},"type":"cond-expr","locations":[{"start":{"line":121,"column":47},"end":{"line":121,"column":58}},{"start":{"line":121,"column":61},"end":{"line":121,"column":63}}],"line":121},"7":{"loc":{"start":{"line":126,"column":11},"end":{"line":153,"column":11}},"type":"cond-expr","locations":[{"start":{"line":127,"column":12},"end":{"line":139,"column":18}},{"start":{"line":141,"column":12},"end":{"line":152,"column":18}}],"line":126},"8":{"loc":{"start":{"line":143,"column":21},"end":{"line":143,"column":56}},"type":"binary-expr","locations":[{"start":{"line":143,"column":21},"end":{"line":143,"column":34}},{"start":{"line":143,"column":38},"end":{"line":143,"column":56}}],"line":143},"9":{"loc":{"start":{"line":149,"column":15},"end":{"line":151,"column":15}},"type":"binary-expr","locations":[{"start":{"line":149,"column":15},"end":{"line":149,"column":74}},{"start":{"line":150,"column":16},"end":{"line":150,"column":67}}],"line":149},"10":{"loc":{"start":{"line":164,"column":9},"end":{"line":164,"column":62}},"type":"binary-expr","locations":[{"start":{"line":164,"column":9},"end":{"line":164,"column":14}},{"start":{"line":164,"column":18},"end":{"line":164,"column":62}}],"line":164},"11":{"loc":{"start":{"line":170,"column":22},"end":{"line":170,"column":43}},"type":"binary-expr","locations":[{"start":{"line":170,"column":22},"end":{"line":170,"column":30}},{"start":{"line":170,"column":34},"end":{"line":170,"column":43}}],"line":170},"12":{"loc":{"start":{"line":172,"column":13},"end":{"line":172,"column":57}},"type":"cond-expr","locations":[{"start":{"line":172,"column":25},"end":{"line":172,"column":39}},{"start":{"line":172,"column":42},"end":{"line":172,"column":57}}],"line":172}},"s":{"0":0,"1":0,"2":0,"3":0,"4":0,"5":0,"6":0,"7":0,"8":0,"9":0,"10":0,"11":0,"12":0,"13":0,"14":0,"15":0,"16":0,"17":0,"18":0,"19":0,"20":0,"21":0,"22":0,"23":0,"24":0,"25":0,"26":0,"27":0,"28":0,"29":0,"30":0,"31":0,"32":0,"33":0,"34":0,"35":0,"36":0,"37":0,"38":0,"39":0,"40":0,"41":0,"42":0,"43":0,"44":0,"45":0,"46":0,"47":0,"48":0,"49":0,"50":0,"51":0,"52":0,"53":0,"54":0,"55":0,"56":0,"57":0,"58":0,"59":0,"60":0,"61":0,"62":0,"63":0,"64":0,"65":0,"66":0,"67":0,"68":0,"69":0,"70":0,"71":0,"72":0},"f":{"0":0,"1":0,"2":0,"3":0,"4":0,"5":0,"6":0,"7":0,"8":0,"9":0,"10":0,"11":0,"12":0,"13":0,"14":0},"b":{"0":[0,0],"1":[0,0],"2":[0,0],"3":[0,0],"4":[0,0],"5":[0,0],"6":[0,0],"7":[0,0],"8":[0,0],"9":[0,0],"10":[0,0],"11":[0,0],"12":[0,0]}}
,"D:\\BELAJAR\\RUBICAMP\\PROJECT\\phonebook\\frontend\\src\\components\\ContactCard.js": {"path":"D:\\BELAJAR\\RUBICAMP\\PROJECT\\phonebook\\frontend\\src\\components\\ContactCard.js","statementMap":{"0":{"start":{"line":6,"column":20},"end":{"line":113,"column":1}},"1":{"start":{"line":7,"column":19},"end":{"line":7,"column":32}},"2":{"start":{"line":8,"column":36},"end":{"line":8,"column":51}},"3":{"start":{"line":9,"column":40},"end":{"line":9,"column":55}},"4":{"start":{"line":10,"column":50},"end":{"line":10,"column":65}},"5":{"start":{"line":11,"column":26},"end":{"line":14,"column":4}},"6":{"start":{"line":16,"column":21},"end":{"line":23,"column":3}},"7":{"start":{"line":17,"column":4},"end":{"line":22,"column":5}},"8":{"start":{"line":18,"column":6},"end":{"line":18,"column":37}},"9":{"start":{"line":19,"column":6},"end":{"line":19,"column":26}},"10":{"start":{"line":21,"column":6},"end":{"line":21,"column":54}},"11":{"start":{"line":25,"column":23},"end":{"line":27,"column":3}},"12":{"start":{"line":26,"column":4},"end":{"line":26,"column":25}},"13":{"start":{"line":29,"column":24},"end":{"line":37,"column":3}},"14":{"start":{"line":30,"column":4},"end":{"line":36,"column":5}},"15":{"start":{"line":31,"column":6},"end":{"line":31,"column":27}},"16":{"start":{"line":33,"column":6},"end":{"line":33,"column":54}},"17":{"start":{"line":35,"column":6},"end":{"line":35,"column":28}},"18":{"start":{"line":39,"column":28},"end":{"line":41,"column":3}},"19":{"start":{"line":40,"column":4},"end":{"line":40,"column":45}},"20":{"start":{"line":43,"column":23},"end":{"line":46,"column":3}},"21":{"start":{"line":44,"column":28},"end":{"line":44,"column":36}},"22":{"start":{"line":45,"column":4},"end":{"line":45,"column":50}},"23":{"start":{"line":45,"column":21},"end":{"line":45,"column":47}},"24":{"start":{"line":48,"column":2},"end":{"line":112,"column":4}},"25":{"start":{"line":84,"column":33},"end":{"line":84,"column":51}},"26":{"start":{"line":98,"column":35},"end":{"line":98,"column":56}},"27":{"start":{"line":108,"column":25},"end":{"line":108,"column":51}}},"fnMap":{"0":{"name":"(anonymous_0)","decl":{"start":{"line":6,"column":20},"end":{"line":6,"column":21}},"loc":{"start":{"line":6,"column":71},"end":{"line":113,"column":1}},"line":6},"1":{"name":"(anonymous_1)","decl":{"start":{"line":16,"column":21},"end":{"line":16,"column":22}},"loc":{"start":{"line":16,"column":33},"end":{"line":23,"column":3}},"line":16},"2":{"name":"(anonymous_2)","decl":{"start":{"line":25,"column":23},"end":{"line":25,"column":24}},"loc":{"start":{"line":25,"column":29},"end":{"line":27,"column":3}},"line":25},"3":{"name":"(anonymous_3)","decl":{"start":{"line":29,"column":24},"end":{"line":29,"column":25}},"loc":{"start":{"line":29,"column":36},"end":{"line":37,"column":3}},"line":29},"4":{"name":"(anonymous_4)","decl":{"start":{"line":39,"column":28},"end":{"line":39,"column":29}},"loc":{"start":{"line":39,"column":34},"end":{"line":41,"column":3}},"line":39},"5":{"name":"(anonymous_5)","decl":{"start":{"line":43,"column":23},"end":{"line":43,"column":24}},"loc":{"start":{"line":43,"column":30},"end":{"line":46,"column":3}},"line":43},"6":{"name":"(anonymous_6)","decl":{"start":{"line":45,"column":12},"end":{"line":45,"column":13}},"loc":{"start":{"line":45,"column":21},"end":{"line":45,"column":47}},"line":45},"7":{"name":"(anonymous_7)","decl":{"start":{"line":84,"column":27},"end":{"line":84,"column":28}},"loc":{"start":{"line":84,"column":33},"end":{"line":84,"column":51}},"line":84},"8":{"name":"(anonymous_8)","decl":{"start":{"line":98,"column":29},"end":{"line":98,"column":30}},"loc":{"start":{"line":98,"column":35},"end":{"line":98,"column":56}},"line":98},"9":{"name":"(anonymous_9)","decl":{"start":{"line":108,"column":19},"end":{"line":108,"column":20}},"loc":{"start":{"line":108,"column":25},"end":{"line":108,"column":51}},"line":108}},"branchMap":{"0":{"loc":{"start":{"line":51,"column":18},"end":{"line":51,"column":56}},"type":"binary-expr","locations":[{"start":{"line":51,"column":18},"end":{"line":51,"column":31}},{"start":{"line":51,"column":35},"end":{"line":51,"column":56}}],"line":51},"1":{"loc":{"start":{"line":55,"column":9},"end":{"line":77,"column":9}},"type":"cond-expr","locations":[{"start":{"line":56,"column":10},"end":{"line":71,"column":13}},{"start":{"line":73,"column":10},"end":{"line":76,"column":13}}],"line":55},"2":{"loc":{"start":{"line":81,"column":9},"end":{"line":87,"column":9}},"type":"cond-expr","locations":[{"start":{"line":82,"column":10},"end":{"line":82,"column":71}},{"start":{"line":84,"column":10},"end":{"line":86,"column":19}}],"line":81},"3":{"loc":{"start":{"line":93,"column":7},"end":{"line":101,"column":7}},"type":"binary-expr","locations":[{"start":{"line":93,"column":7},"end":{"line":93,"column":18}},{"start":{"line":94,"column":8},"end":{"line":100,"column":14}}],"line":93},"4":{"loc":{"start":{"line":103,"column":7},"end":{"line":110,"column":7}},"type":"binary-expr","locations":[{"start":{"line":103,"column":7},"end":{"line":103,"column":23}},{"start":{"line":104,"column":8},"end":{"line":109,"column":10}}],"line":103}},"s":{"0":0,"1":0,"2":0,"3":0,"4":0,"5":0,"6":0,"7":0,"8":0,"9":0,"10":0,"11":0,"12":0,"13":0,"14":0,"15":0,"16":0,"17":0,"18":0,"19":0,"20":0,"21":0,"22":0,"23":0,"24":0,"25":0,"26":0,"27":0},"f":{"0":0,"1":0,"2":0,"3":0,"4":0,"5":0,"6":0,"7":0,"8":0,"9":0},"b":{"0":[0,0],"1":[0,0],"2":[0,0],"3":[0,0],"4":[0,0]}}
,"D:\\BELAJAR\\RUBICAMP\\PROJECT\\phonebook\\frontend\\src\\components\\ContactList.js": {"path":"D:\\BELAJAR\\RUBICAMP\\PROJECT\\phonebook\\frontend\\src\\components\\ContactList.js","statementMap":{"0":{"start":{"line":4,"column":20},"end":{"line":43,"column":1}},"1":{"start":{"line":5,"column":18},"end":{"line":5,"column":26}},"2":{"start":{"line":7,"column":2},"end":{"line":27,"column":28}},"3":{"start":{"line":8,"column":21},"end":{"line":15,"column":5}},"4":{"start":{"line":10,"column":8},"end":{"line":12,"column":9}},"5":{"start":{"line":11,"column":10},"end":{"line":11,"column":23}},"6":{"start":{"line":17,"column":4},"end":{"line":19,"column":5}},"7":{"start":{"line":18,"column":6},"end":{"line":18,"column":40}},"8":{"start":{"line":21,"column":4},"end":{"line":26,"column":6}},"9":{"start":{"line":22,"column":6},"end":{"line":25,"column":7}},"10":{"start":{"line":24,"column":8},"end":{"line":24,"column":44}},"11":{"start":{"line":29,"column":2},"end":{"line":42,"column":4}},"12":{"start":{"line":32,"column":8},"end":{"line":38,"column":10}}},"fnMap":{"0":{"name":"(anonymous_0)","decl":{"start":{"line":4,"column":20},"end":{"line":4,"column":21}},"loc":{"start":{"line":4,"column":93},"end":{"line":43,"column":1}},"line":4},"1":{"name":"(anonymous_1)","decl":{"start":{"line":7,"column":12},"end":{"line":7,"column":13}},"loc":{"start":{"line":7,"column":18},"end":{"line":27,"column":3}},"line":7},"2":{"name":"(anonymous_2)","decl":{"start":{"line":9,"column":6},"end":{"line":9,"column":7}},"loc":{"start":{"line":9,"column":19},"end":{"line":13,"column":7}},"line":9},"3":{"name":"(anonymous_3)","decl":{"start":{"line":21,"column":11},"end":{"line":21,"column":12}},"loc":{"start":{"line":21,"column":17},"end":{"line":26,"column":5}},"line":21},"4":{"name":"(anonymous_4)","decl":{"start":{"line":31,"column":20},"end":{"line":31,"column":21}},"loc":{"start":{"line":32,"column":8},"end":{"line":38,"column":10}},"line":32}},"branchMap":{"0":{"loc":{"start":{"line":10,"column":8},"end":{"line":12,"column":9}},"type":"if","locations":[{"start":{"line":10,"column":8},"end":{"line":12,"column":9}},{"start":{},"end":{}}],"line":10},"1":{"loc":{"start":{"line":10,"column":12},"end":{"line":10,"column":48}},"type":"binary-expr","locations":[{"start":{"line":10,"column":12},"end":{"line":10,"column":37}},{"start":{"line":10,"column":41},"end":{"line":10,"column":48}}],"line":10},"2":{"loc":{"start":{"line":17,"column":4},"end":{"line":19,"column":5}},"type":"if","locations":[{"start":{"line":17,"column":4},"end":{"line":19,"column":5}},{"start":{},"end":{}}],"line":17},"3":{"loc":{"start":{"line":22,"column":6},"end":{"line":25,"column":7}},"type":"if","locations":[{"start":{"line":22,"column":6},"end":{"line":25,"column":7}},{"start":{},"end":{}}],"line":22},"4":{"loc":{"start":{"line":33,"column":15},"end":{"line":33,"column":47}},"type":"binary-expr","locations":[{"start":{"line":33,"column":15},"end":{"line":33,"column":25}},{"start":{"line":33,"column":29},"end":{"line":33,"column":47}}],"line":33},"5":{"loc":{"start":{"line":40,"column":7},"end":{"line":40,"column":86}},"type":"binary-expr","locations":[{"start":{"line":40,"column":7},"end":{"line":40,"column":14}},{"start":{"line":40,"column":18},"end":{"line":40,"column":86}}],"line":40}},"s":{"0":0,"1":0,"2":0,"3":0,"4":0,"5":0,"6":0,"7":0,"8":0,"9":0,"10":0,"11":0,"12":0},"f":{"0":0,"1":0,"2":0,"3":0,"4":0},"b":{"0":[0,0],"1":[0,0],"2":[0,0],"3":[0,0],"4":[0,0],"5":[0,0]}}
,"D:\\BELAJAR\\RUBICAMP\\PROJECT\\phonebook\\frontend\\src\\components\\EditContact.js": {"path":"D:\\BELAJAR\\RUBICAMP\\PROJECT\\phonebook\\frontend\\src\\components\\EditContact.js","statementMap":{"0":{"start":{"line":4,"column":20},"end":{"line":80,"column":1}},"1":{"start":{"line":5,"column":26},"end":{"line":8,"column":4}},"2":{"start":{"line":9,"column":28},"end":{"line":9,"column":40}},"3":{"start":{"line":11,"column":23},"end":{"line":25,"column":3}},"4":{"start":{"line":12,"column":4},"end":{"line":12,"column":23}},"5":{"start":{"line":14,"column":4},"end":{"line":17,"column":5}},"6":{"start":{"line":15,"column":6},"end":{"line":15,"column":53}},"7":{"start":{"line":16,"column":6},"end":{"line":16,"column":13}},"8":{"start":{"line":19,"column":4},"end":{"line":24,"column":5}},"9":{"start":{"line":20,"column":29},"end":{"line":20,"column":70}},"10":{"start":{"line":21,"column":6},"end":{"line":21,"column":29}},"11":{"start":{"line":23,"column":6},"end":{"line":23,"column":72}},"12":{"start":{"line":27,"column":23},"end":{"line":31,"column":3}},"13":{"start":{"line":28,"column":28},"end":{"line":28,"column":36}},"14":{"start":{"line":29,"column":4},"end":{"line":29,"column":50}},"15":{"start":{"line":29,"column":21},"end":{"line":29,"column":47}},"16":{"start":{"line":30,"column":4},"end":{"line":30,"column":28}},"17":{"start":{"line":30,"column":15},"end":{"line":30,"column":28}},"18":{"start":{"line":33,"column":2},"end":{"line":79,"column":4}}},"fnMap":{"0":{"name":"(anonymous_0)","decl":{"start":{"line":4,"column":20},"end":{"line":4,"column":21}},"loc":{"start":{"line":4,"column":55},"end":{"line":80,"column":1}},"line":4},"1":{"name":"(anonymous_1)","decl":{"start":{"line":11,"column":23},"end":{"line":11,"column":24}},"loc":{"start":{"line":11,"column":36},"end":{"line":25,"column":3}},"line":11},"2":{"name":"(anonymous_2)","decl":{"start":{"line":27,"column":23},"end":{"line":27,"column":24}},"loc":{"start":{"line":27,"column":30},"end":{"line":31,"column":3}},"line":27},"3":{"name":"(anonymous_3)","decl":{"start":{"line":29,"column":12},"end":{"line":29,"column":13}},"loc":{"start":{"line":29,"column":21},"end":{"line":29,"column":47}},"line":29}},"branchMap":{"0":{"loc":{"start":{"line":14,"column":4},"end":{"line":17,"column":5}},"type":"if","locations":[{"start":{"line":14,"column":4},"end":{"line":17,"column":5}},{"start":{},"end":{}}],"line":14},"1":{"loc":{"start":{"line":14,"column":8},"end":{"line":14,"column":47}},"type":"binary-expr","locations":[{"start":{"line":14,"column":8},"end":{"line":14,"column":25}},{"start":{"line":14,"column":29},"end":{"line":14,"column":47}}],"line":14},"2":{"loc":{"start":{"line":23,"column":15},"end":{"line":23,"column":70}},"type":"binary-expr","locations":[{"start":{"line":23,"column":15},"end":{"line":23,"column":40}},{"start":{"line":23,"column":44},"end":{"line":23,"column":70}}],"line":23},"3":{"loc":{"start":{"line":30,"column":4},"end":{"line":30,"column":28}},"type":"if","locations":[{"start":{"line":30,"column":4},"end":{"line":30,"column":28}},{"start":{},"end":{}}],"line":30},"4":{"loc":{"start":{"line":46,"column":23},"end":{"line":46,"column":64}},"type":"cond-expr","locations":[{"start":{"line":46,"column":52},"end":{"line":46,"column":59}},{"start":{"line":46,"column":62},"end":{"line":46,"column":64}}],"line":46},"5":{"loc":{"start":{"line":46,"column":23},"end":{"line":46,"column":49}},"type":"binary-expr","locations":[{"start":{"line":46,"column":23},"end":{"line":46,"column":28}},{"start":{"line":46,"column":32},"end":{"line":46,"column":49}}],"line":46},"6":{"loc":{"start":{"line":59,"column":23},"end":{"line":59,"column":65}},"type":"cond-expr","locations":[{"start":{"line":59,"column":53},"end":{"line":59,"column":60}},{"start":{"line":59,"column":63},"end":{"line":59,"column":65}}],"line":59},"7":{"loc":{"start":{"line":59,"column":23},"end":{"line":59,"column":50}},"type":"binary-expr","locations":[{"start":{"line":59,"column":23},"end":{"line":59,"column":28}},{"start":{"line":59,"column":32},"end":{"line":59,"column":50}}],"line":59},"8":{"loc":{"start":{"line":63,"column":9},"end":{"line":63,"column":62}},"type":"binary-expr","locations":[{"start":{"line":63,"column":9},"end":{"line":63,"column":14}},{"start":{"line":63,"column":18},"end":{"line":63,"column":62}}],"line":63}},"s":{"0":0,"1":0,"2":0,"3":0,"4":0,"5":0,"6":0,"7":0,"8":0,"9":0,"10":0,"11":0,"12":0,"13":0,"14":0,"15":0,"16":0,"17":0,"18":0},"f":{"0":0,"1":0,"2":0,"3":0},"b":{"0":[0,0],"1":[0,0],"2":[0,0],"3":[0,0],"4":[0,0],"5":[0,0],"6":[0,0],"7":[0,0],"8":[0,0]}}
,"D:\\BELAJAR\\RUBICAMP\\PROJECT\\phonebook\\frontend\\src\\components\\SearchBar.js": {"path":"D:\\BELAJAR\\RUBICAMP\\PROJECT\\phonebook\\frontend\\src\\components\\SearchBar.js","statementMap":{"0":{"start":{"line":5,"column":18},"end":{"line":38,"column":1}},"1":{"start":{"line":6,"column":36},"end":{"line":6,"column":51}},"2":{"start":{"line":8,"column":21},"end":{"line":12,"column":3}},"3":{"start":{"line":9,"column":25},"end":{"line":9,"column":61}},"4":{"start":{"line":10,"column":4},"end":{"line":10,"column":31}},"5":{"start":{"line":11,"column":4},"end":{"line":11,"column":33}},"6":{"start":{"line":14,"column":2},"end":{"line":37,"column":4}},"7":{"start":{"line":26,"column":32},"end":{"line":26,"column":46}},"8":{"start":{"line":27,"column":12},"end":{"line":27,"column":34}},"9":{"start":{"line":30,"column":32},"end":{"line":30,"column":46}},"10":{"start":{"line":31,"column":12},"end":{"line":31,"column":34}}},"fnMap":{"0":{"name":"(anonymous_0)","decl":{"start":{"line":5,"column":18},"end":{"line":5,"column":19}},"loc":{"start":{"line":5,"column":58},"end":{"line":38,"column":1}},"line":5},"1":{"name":"(anonymous_1)","decl":{"start":{"line":8,"column":21},"end":{"line":8,"column":22}},"loc":{"start":{"line":8,"column":27},"end":{"line":12,"column":3}},"line":8},"2":{"name":"(anonymous_2)","decl":{"start":{"line":25,"column":20},"end":{"line":25,"column":21}},"loc":{"start":{"line":25,"column":27},"end":{"line":28,"column":11}},"line":25},"3":{"name":"(anonymous_3)","decl":{"start":{"line":29,"column":19},"end":{"line":29,"column":20}},"loc":{"start":{"line":29,"column":26},"end":{"line":32,"column":11}},"line":29}},"branchMap":{"0":{"loc":{"start":{"line":9,"column":25},"end":{"line":9,"column":61}},"type":"cond-expr","locations":[{"start":{"line":9,"column":47},"end":{"line":9,"column":53}},{"start":{"line":9,"column":56},"end":{"line":9,"column":61}}],"line":9},"1":{"loc":{"start":{"line":17,"column":9},"end":{"line":17,"column":76}},"type":"cond-expr","locations":[{"start":{"line":17,"column":31},"end":{"line":17,"column":53}},{"start":{"line":17,"column":56},"end":{"line":17,"column":76}}],"line":17}},"s":{"0":0,"1":0,"2":0,"3":0,"4":0,"5":0,"6":0,"7":0,"8":0,"9":0,"10":0},"f":{"0":0,"1":0,"2":0,"3":0},"b":{"0":[0,0],"1":[0,0]}}
,"D:\\BELAJAR\\RUBICAMP\\PROJECT\\phonebook\\frontend\\src\\hooks\\useContacts.js": {"path":"D:\\BELAJAR\\RUBICAMP\\PROJECT\\phonebook\\frontend\\src\\hooks\\useContacts.js","statementMap":{"0":{"start":{"line":4,"column":27},"end":{"line":92,"column":1}},"1":{"start":{"line":5,"column":34},"end":{"line":5,"column":46}},"2":{"start":{"line":6,"column":32},"end":{"line":6,"column":47}},"3":{"start":{"line":7,"column":28},"end":{"line":7,"column":42}},"4":{"start":{"line":8,"column":26},"end":{"line":8,"column":37}},"5":{"start":{"line":9,"column":32},"end":{"line":9,"column":46}},"6":{"start":{"line":10,"column":30},"end":{"line":10,"column":46}},"7":{"start":{"line":11,"column":36},"end":{"line":11,"column":51}},"8":{"start":{"line":12,"column":30},"end":{"line":16,"column":4}},"9":{"start":{"line":14,"column":24},"end":{"line":14,"column":63}},"10":{"start":{"line":15,"column":4},"end":{"line":15,"column":29}},"11":{"start":{"line":19,"column":2},"end":{"line":22,"column":15}},"12":{"start":{"line":20,"column":4},"end":{"line":20,"column":52}},"13":{"start":{"line":21,"column":4},"end":{"line":21,"column":98}},"14":{"start":{"line":24,"column":23},"end":{"line":59,"column":48}},"15":{"start":{"line":25,"column":4},"end":{"line":25,"column":24}},"16":{"start":{"line":25,"column":17},"end":{"line":25,"column":24}},"17":{"start":{"line":27,"column":4},"end":{"line":27,"column":21}},"18":{"start":{"line":28,"column":4},"end":{"line":58,"column":5}},"19":{"start":{"line":29,"column":26},"end":{"line":29,"column":49}},"20":{"start":{"line":30,"column":44},"end":{"line":30,"column":109}},"21":{"start":{"line":32,"column":6},"end":{"line":32,"column":50}},"22":{"start":{"line":34,"column":6},"end":{"line":53,"column":7}},"23":{"start":{"line":35,"column":8},"end":{"line":45,"column":9}},"24":{"start":{"line":37,"column":10},"end":{"line":41,"column":13}},"25":{"start":{"line":38,"column":32},"end":{"line":38,"column":72}},"26":{"start":{"line":38,"column":60},"end":{"line":38,"column":70}},"27":{"start":{"line":39,"column":32},"end":{"line":39,"column":90}},"28":{"start":{"line":39,"column":61},"end":{"line":39,"column":89}},"29":{"start":{"line":40,"column":12},"end":{"line":40,"column":45}},"30":{"start":{"line":44,"column":10},"end":{"line":44,"column":34}},"31":{"start":{"line":47,"column":8},"end":{"line":47,"column":51}},"32":{"start":{"line":48,"column":8},"end":{"line":48,"column":29}},"33":{"start":{"line":49,"column":8},"end":{"line":49,"column":61}},"34":{"start":{"line":52,"column":8},"end":{"line":52,"column":68}},"35":{"start":{"line":55,"column":6},"end":{"line":55,"column":57}},"36":{"start":{"line":57,"column":6},"end":{"line":57,"column":24}},"37":{"start":{"line":61,"column":2},"end":{"line":68,"column":34}},"38":{"start":{"line":62,"column":4},"end":{"line":62,"column":20}},"39":{"start":{"line":63,"column":4},"end":{"line":63,"column":15}},"40":{"start":{"line":64,"column":4},"end":{"line":64,"column":21}},"41":{"start":{"line":65,"column":4},"end":{"line":65,"column":24}},"42":{"start":{"line":66,"column":4},"end":{"line":66,"column":24}},"43":{"start":{"line":70,"column":26},"end":{"line":75,"column":20}},"44":{"start":{"line":71,"column":4},"end":{"line":71,"column":20}},"45":{"start":{"line":72,"column":4},"end":{"line":72,"column":15}},"46":{"start":{"line":73,"column":4},"end":{"line":73,"column":21}},"47":{"start":{"line":74,"column":4},"end":{"line":74,"column":24}},"48":{"start":{"line":77,"column":2},"end":{"line":91,"column":4}},"49":{"start":{"line":89,"column":20},"end":{"line":89,"column":38}}},"fnMap":{"0":{"name":"(anonymous_0)","decl":{"start":{"line":4,"column":27},"end":{"line":4,"column":28}},"loc":{"start":{"line":4,"column":33},"end":{"line":92,"column":1}},"line":4},"1":{"name":"(anonymous_1)","decl":{"start":{"line":12,"column":39},"end":{"line":12,"column":40}},"loc":{"start":{"line":12,"column":45},"end":{"line":16,"column":3}},"line":12},"2":{"name":"(anonymous_2)","decl":{"start":{"line":19,"column":12},"end":{"line":19,"column":13}},"loc":{"start":{"line":19,"column":18},"end":{"line":22,"column":3}},"line":19},"3":{"name":"(anonymous_3)","decl":{"start":{"line":24,"column":35},"end":{"line":24,"column":36}},"loc":{"start":{"line":24,"column":63},"end":{"line":59,"column":3}},"line":24},"4":{"name":"(anonymous_4)","decl":{"start":{"line":37,"column":22},"end":{"line":37,"column":23}},"loc":{"start":{"line":37,"column":30},"end":{"line":41,"column":11}},"line":37},"5":{"name":"(anonymous_5)","decl":{"start":{"line":38,"column":49},"end":{"line":38,"column":50}},"loc":{"start":{"line":38,"column":60},"end":{"line":38,"column":70}},"line":38},"6":{"name":"(anonymous_6)","decl":{"start":{"line":39,"column":50},"end":{"line":39,"column":51}},"loc":{"start":{"line":39,"column":61},"end":{"line":39,"column":89}},"line":39},"7":{"name":"(anonymous_7)","decl":{"start":{"line":61,"column":12},"end":{"line":61,"column":13}},"loc":{"start":{"line":61,"column":18},"end":{"line":68,"column":3}},"line":61},"8":{"name":"(anonymous_8)","decl":{"start":{"line":70,"column":38},"end":{"line":70,"column":39}},"loc":{"start":{"line":70,"column":44},"end":{"line":75,"column":3}},"line":70},"9":{"name":"(anonymous_9)","decl":{"start":{"line":89,"column":14},"end":{"line":89,"column":15}},"loc":{"start":{"line":89,"column":20},"end":{"line":89,"column":38}},"line":89}},"branchMap":{"0":{"loc":{"start":{"line":15,"column":11},"end":{"line":15,"column":28}},"type":"binary-expr","locations":[{"start":{"line":15,"column":11},"end":{"line":15,"column":22}},{"start":{"line":15,"column":26},"end":{"line":15,"column":28}}],"line":15},"1":{"loc":{"start":{"line":24,"column":42},"end":{"line":24,"column":58}},"type":"default-arg","locations":[{"start":{"line":24,"column":53},"end":{"line":24,"column":58}}],"line":24},"2":{"loc":{"start":{"line":25,"column":4},"end":{"line":25,"column":24}},"type":"if","locations":[{"start":{"line":25,"column":4},"end":{"line":25,"column":24}},{"start":{},"end":{}}],"line":25},"3":{"loc":{"start":{"line":29,"column":26},"end":{"line":29,"column":49}},"type":"cond-expr","locations":[{"start":{"line":29,"column":37},"end":{"line":29,"column":45}},{"start":{"line":29,"column":48},"end":{"line":29,"column":49}}],"line":29},"4":{"loc":{"start":{"line":34,"column":6},"end":{"line":53,"column":7}},"type":"if","locations":[{"start":{"line":34,"column":6},"end":{"line":53,"column":7}},{"start":{"line":51,"column":13},"end":{"line":53,"column":7}}],"line":34},"5":{"loc":{"start":{"line":35,"column":8},"end":{"line":45,"column":9}},"type":"if","locations":[{"start":{"line":35,"column":8},"end":{"line":45,"column":9}},{"start":{"line":42,"column":15},"end":{"line":45,"column":9}}],"line":35},"6":{"loc":{"start":{"line":55,"column":15},"end":{"line":55,"column":55}},"type":"binary-expr","locations":[{"start":{"line":55,"column":15},"end":{"line":55,"column":26}},{"start":{"line":55,"column":30},"end":{"line":55,"column":55}}],"line":55}},"s":{"0":0,"1":0,"2":0,"3":0,"4":0,"5":0,"6":0,"7":0,"8":0,"9":0,"10":0,"11":0,"12":0,"13":0,"14":0,"15":0,"16":0,"17":0,"18":0,"19":0,"20":0,"21":0,"22":0,"23":0,"24":0,"25":0,"26":0,"27":0,"28":0,"29":0,"30":0,"31":0,"32":0,"33":0,"34":0,"35":0,"36":0,"37":0,"38":0,"39":0,"40":0,"41":0,"42":0,"43":0,"44":0,"45":0,"46":0,"47":0,"48":0,"49":0},"f":{"0":0,"1":0,"2":0,"3":0,"4":0,"5":0,"6":0,"7":0,"8":0,"9":0},"b":{"0":[0,0],"1":[0],"2":[0,0],"3":[0,0],"4":[0,0],"5":[0,0],"6":[0,0]}}
,"D:\\BELAJAR\\RUBICAMP\\PROJECT\\phonebook\\frontend\\src\\services\\api.js": {"path":"D:\\BELAJAR\\RUBICAMP\\PROJECT\\phonebook\\frontend\\src\\services\\api.js","statementMap":{"0":{"start":{"line":3,"column":16},"end":{"line":3,"column":43}},"1":{"start":{"line":5,"column":19},"end":{"line":70,"column":1}},"2":{"start":{"line":7,"column":4},"end":{"line":16,"column":5}},"3":{"start":{"line":8,"column":23},"end":{"line":10,"column":8}},"4":{"start":{"line":11,"column":6},"end":{"line":11,"column":50}},"5":{"start":{"line":12,"column":6},"end":{"line":12,"column":27}},"6":{"start":{"line":14,"column":6},"end":{"line":14,"column":55}},"7":{"start":{"line":15,"column":6},"end":{"line":15,"column":18}},"8":{"start":{"line":20,"column":4},"end":{"line":26,"column":5}},"9":{"start":{"line":21,"column":23},"end":{"line":21,"column":73}},"10":{"start":{"line":22,"column":6},"end":{"line":22,"column":27}},"11":{"start":{"line":24,"column":6},"end":{"line":24,"column":52}},"12":{"start":{"line":25,"column":6},"end":{"line":25,"column":18}},"13":{"start":{"line":30,"column":4},"end":{"line":36,"column":5}},"14":{"start":{"line":31,"column":23},"end":{"line":31,"column":78}},"15":{"start":{"line":32,"column":6},"end":{"line":32,"column":27}},"16":{"start":{"line":34,"column":6},"end":{"line":34,"column":54}},"17":{"start":{"line":35,"column":6},"end":{"line":35,"column":18}},"18":{"start":{"line":40,"column":4},"end":{"line":46,"column":5}},"19":{"start":{"line":41,"column":23},"end":{"line":41,"column":72}},"20":{"start":{"line":42,"column":6},"end":{"line":42,"column":27}},"21":{"start":{"line":44,"column":6},"end":{"line":44,"column":54}},"22":{"start":{"line":45,"column":6},"end":{"line":45,"column":18}},"23":{"start":{"line":50,"column":4},"end":{"line":58,"column":5}},"24":{"start":{"line":51,"column":23},"end":{"line":53,"column":8}},"25":{"start":{"line":54,"column":6},"end":{"line":54,"column":27}},"26":{"start":{"line":56,"column":6},"end":{"line":56,"column":53}},"27":{"start":{"line":57,"column":6},"end":{"line":57,"column":18}},"28":{"start":{"line":62,"column":4},"end":{"line":68,"column":5}},"29":{"start":{"line":63,"column":23},"end":{"line":63,"column":69}},"30":{"start":{"line":64,"column":6},"end":{"line":64,"column":27}},"31":{"start":{"line":66,"column":6},"end":{"line":66,"column":54}},"32":{"start":{"line":67,"column":6},"end":{"line":67,"column":18}}},"fnMap":{"0":{"name":"(anonymous_0)","decl":{"start":{"line":6,"column":15},"end":{"line":6,"column":16}},"loc":{"start":{"line":6,"column":95},"end":{"line":17,"column":3}},"line":6},"1":{"name":"(anonymous_1)","decl":{"start":{"line":19,"column":14},"end":{"line":19,"column":15}},"loc":{"start":{"line":19,"column":33},"end":{"line":27,"column":3}},"line":19},"2":{"name":"(anonymous_2)","decl":{"start":{"line":29,"column":17},"end":{"line":29,"column":18}},"loc":{"start":{"line":29,"column":40},"end":{"line":37,"column":3}},"line":29},"3":{"name":"(anonymous_3)","decl":{"start":{"line":39,"column":17},"end":{"line":39,"column":18}},"loc":{"start":{"line":39,"column":31},"end":{"line":47,"column":3}},"line":39},"4":{"name":"(anonymous_4)","decl":{"start":{"line":49,"column":16},"end":{"line":49,"column":17}},"loc":{"start":{"line":49,"column":40},"end":{"line":59,"column":3}},"line":49},"5":{"name":"(anonymous_5)","decl":{"start":{"line":61,"column":18},"end":{"line":61,"column":19}},"loc":{"start":{"line":61,"column":32},"end":{"line":69,"column":3}},"line":61}},"branchMap":{"0":{"loc":{"start":{"line":6,"column":22},"end":{"line":6,"column":30}},"type":"default-arg","locations":[{"start":{"line":6,"column":29},"end":{"line":6,"column":30}}],"line":6},"1":{"loc":{"start":{"line":6,"column":32},"end":{"line":6,"column":41}},"type":"default-arg","locations":[{"start":{"line":6,"column":40},"end":{"line":6,"column":41}}],"line":6},"2":{"loc":{"start":{"line":6,"column":43},"end":{"line":6,"column":58}},"type":"default-arg","locations":[{"start":{"line":6,"column":52},"end":{"line":6,"column":58}}],"line":6},"3":{"loc":{"start":{"line":6,"column":60},"end":{"line":6,"column":77}},"type":"default-arg","locations":[{"start":{"line":6,"column":72},"end":{"line":6,"column":77}}],"line":6},"4":{"loc":{"start":{"line":6,"column":79},"end":{"line":6,"column":90}},"type":"default-arg","locations":[{"start":{"line":6,"column":88},"end":{"line":6,"column":90}}],"line":6}},"s":{"0":0,"1":0,"2":0,"3":0,"4":0,"5":0,"6":0,"7":0,"8":0,"9":0,"10":0,"11":0,"12":0,"13":0,"14":0,"15":0,"16":0,"17":0,"18":0,"19":0,"20":0,"21":0,"22":0,"23":0,"24":0,"25":0,"26":0,"27":0,"28":0,"29":0,"30":0,"31":0,"32":0},"f":{"0":0,"1":0,"2":0,"3":0,"4":0,"5":0},"b":{"0":[0],"1":[0],"2":[0],"3":[0],"4":[0]}}
}
