{"D:\\BELAJAR\\RUBICAMP\\PROJECT\\phonebook\\mobile\\src\\components\\ContactCard.tsx": {"path":"D:\\BELAJAR\\RUBICAMP\\PROJECT\\phonebook\\mobile\\src\\components\\ContactCard.tsx","statementMap":{"0":{"start":{"line":16,"column":16},"end":{"line":16,"column":42}},"1":{"start":{"line":17,"column":23},"end":{"line":17,"column":65}},"2":{"start":{"line":36,"column":32},"end":{"line":36,"column":56}},"3":{"start":{"line":37,"column":20},"end":{"line":37,"column":67}},"4":{"start":{"line":39,"column":48},"end":{"line":163,"column":1}},"5":{"start":{"line":48,"column":38},"end":{"line":48,"column":60}},"6":{"start":{"line":49,"column":40},"end":{"line":49,"column":63}},"7":{"start":{"line":51,"column":2},"end":{"line":56,"column":27}},"8":{"start":{"line":52,"column":4},"end":{"line":55,"column":5}},"9":{"start":{"line":53,"column":6},"end":{"line":53,"column":34}},"10":{"start":{"line":54,"column":6},"end":{"line":54,"column":36}},"11":{"start":{"line":58,"column":21},"end":{"line":72,"column":3}},"12":{"start":{"line":59,"column":4},"end":{"line":62,"column":5}},"13":{"start":{"line":60,"column":6},"end":{"line":60,"column":62}},"14":{"start":{"line":61,"column":6},"end":{"line":61,"column":13}},"15":{"start":{"line":63,"column":4},"end":{"line":66,"column":5}},"16":{"start":{"line":64,"column":6},"end":{"line":64,"column":70}},"17":{"start":{"line":65,"column":6},"end":{"line":65,"column":13}},"18":{"start":{"line":67,"column":4},"end":{"line":71,"column":7}},"19":{"start":{"line":74,"column":26},"end":{"line":87,"column":3}},"20":{"start":{"line":75,"column":4},"end":{"line":77,"column":5}},"21":{"start":{"line":76,"column":6},"end":{"line":76,"column":28}},"22":{"start":{"line":80,"column":4},"end":{"line":82,"column":5}},"23":{"start":{"line":81,"column":6},"end":{"line":81,"column":36}},"24":{"start":{"line":85,"column":22},"end":{"line":85,"column":92}},"25":{"start":{"line":86,"column":4},"end":{"line":86,"column":46}},"26":{"start":{"line":89,"column":24},"end":{"line":103,"column":3}},"27":{"start":{"line":90,"column":4},"end":{"line":102,"column":6}},"28":{"start":{"line":98,"column":25},"end":{"line":98,"column":35}},"29":{"start":{"line":105,"column":2},"end":{"line":162,"column":4}},"30":{"start":{"line":165,"column":15},"end":{"line":215,"column":2}}},"fnMap":{"0":{"name":"(anonymous_0)","decl":{"start":{"line":39,"column":48},"end":{"line":39,"column":49}},"loc":{"start":{"line":47,"column":6},"end":{"line":163,"column":1}},"line":47},"1":{"name":"(anonymous_1)","decl":{"start":{"line":51,"column":12},"end":{"line":51,"column":13}},"loc":{"start":{"line":51,"column":18},"end":{"line":56,"column":3}},"line":51},"2":{"name":"(anonymous_2)","decl":{"start":{"line":58,"column":21},"end":{"line":58,"column":22}},"loc":{"start":{"line":58,"column":27},"end":{"line":72,"column":3}},"line":58},"3":{"name":"(anonymous_3)","decl":{"start":{"line":74,"column":26},"end":{"line":74,"column":27}},"loc":{"start":{"line":74,"column":37},"end":{"line":87,"column":3}},"line":74},"4":{"name":"(anonymous_4)","decl":{"start":{"line":89,"column":24},"end":{"line":89,"column":25}},"loc":{"start":{"line":89,"column":30},"end":{"line":103,"column":3}},"line":89},"5":{"name":"(anonymous_5)","decl":{"start":{"line":98,"column":19},"end":{"line":98,"column":20}},"loc":{"start":{"line":98,"column":25},"end":{"line":98,"column":35}},"line":98}},"branchMap":{"0":{"loc":{"start":{"line":52,"column":4},"end":{"line":55,"column":5}},"type":"if","locations":[{"start":{"line":52,"column":4},"end":{"line":55,"column":5}},{"start":{},"end":{}}],"line":52},"1":{"loc":{"start":{"line":59,"column":4},"end":{"line":62,"column":5}},"type":"if","locations":[{"start":{"line":59,"column":4},"end":{"line":62,"column":5}},{"start":{},"end":{}}],"line":59},"2":{"loc":{"start":{"line":63,"column":4},"end":{"line":66,"column":5}},"type":"if","locations":[{"start":{"line":63,"column":4},"end":{"line":66,"column":5}},{"start":{},"end":{}}],"line":63},"3":{"loc":{"start":{"line":75,"column":4},"end":{"line":77,"column":5}},"type":"if","locations":[{"start":{"line":75,"column":4},"end":{"line":77,"column":5}},{"start":{},"end":{}}],"line":75},"4":{"loc":{"start":{"line":75,"column":8},"end":{"line":75,"column":62}},"type":"binary-expr","locations":[{"start":{"line":75,"column":8},"end":{"line":75,"column":22}},{"start":{"line":75,"column":26},"end":{"line":75,"column":62}}],"line":75},"5":{"loc":{"start":{"line":80,"column":4},"end":{"line":82,"column":5}},"type":"if","locations":[{"start":{"line":80,"column":4},"end":{"line":82,"column":5}},{"start":{},"end":{}}],"line":80},"6":{"loc":{"start":{"line":85,"column":22},"end":{"line":85,"column":92}},"type":"cond-expr","locations":[{"start":{"line":85,"column":54},"end":{"line":85,"column":76}},{"start":{"line":85,"column":79},"end":{"line":85,"column":92}}],"line":85},"7":{"loc":{"start":{"line":114,"column":9},"end":{"line":138,"column":9}},"type":"cond-expr","locations":[{"start":{"line":115,"column":10},"end":{"line":132,"column":13}},{"start":{"line":134,"column":10},"end":{"line":137,"column":13}}],"line":114},"8":{"loc":{"start":{"line":141,"column":9},"end":{"line":159,"column":9}},"type":"cond-expr","locations":[{"start":{"line":142,"column":10},"end":{"line":149,"column":13}},{"start":{"line":151,"column":10},"end":{"line":158,"column":13}}],"line":141}},"s":{"0":0,"1":0,"2":0,"3":0,"4":0,"5":0,"6":0,"7":0,"8":0,"9":0,"10":0,"11":0,"12":0,"13":0,"14":0,"15":0,"16":0,"17":0,"18":0,"19":0,"20":0,"21":0,"22":0,"23":0,"24":0,"25":0,"26":0,"27":0,"28":0,"29":0,"30":0},"f":{"0":0,"1":0,"2":0,"3":0,"4":0,"5":0},"b":{"0":[0,0],"1":[0,0],"2":[0,0],"3":[0,0],"4":[0,0],"5":[0,0],"6":[0,0],"7":[0,0],"8":[0,0]}}
,"D:\\BELAJAR\\RUBICAMP\\PROJECT\\phonebook\\mobile\\src\\components\\Loading.tsx": {"path":"D:\\BELAJAR\\RUBICAMP\\PROJECT\\phonebook\\mobile\\src\\components\\Loading.tsx","statementMap":{"0":{"start":{"line":4,"column":26},"end":{"line":8,"column":1}},"1":{"start":{"line":5,"column":2},"end":{"line":7,"column":9}},"2":{"start":{"line":10,"column":15},"end":{"line":15,"column":2}}},"fnMap":{"0":{"name":"(anonymous_0)","decl":{"start":{"line":4,"column":26},"end":{"line":4,"column":27}},"loc":{"start":{"line":5,"column":2},"end":{"line":7,"column":9}},"line":5}},"branchMap":{},"s":{"0":0,"1":0,"2":0},"f":{"0":0},"b":{}}
,"D:\\BELAJAR\\RUBICAMP\\PROJECT\\phonebook\\mobile\\src\\components\\SearchBar.tsx": {"path":"D:\\BELAJAR\\RUBICAMP\\PROJECT\\phonebook\\mobile\\src\\components\\SearchBar.tsx","statementMap":{"0":{"start":{"line":13,"column":32},"end":{"line":13,"column":56}},"1":{"start":{"line":14,"column":21},"end":{"line":14,"column":67}},"2":{"start":{"line":15,"column":18},"end":{"line":15,"column":65}},"3":{"start":{"line":23,"column":44},"end":{"line":52,"column":1}},"4":{"start":{"line":24,"column":2},"end":{"line":51,"column":4}},"5":{"start":{"line":54,"column":15},"end":{"line":80,"column":2}}},"fnMap":{"0":{"name":"(anonymous_0)","decl":{"start":{"line":23,"column":44},"end":{"line":23,"column":45}},"loc":{"start":{"line":23,"column":83},"end":{"line":52,"column":1}},"line":23}},"branchMap":{},"s":{"0":0,"1":0,"2":0,"3":0,"4":0,"5":0},"f":{"0":0},"b":{}}
,"D:\\BELAJAR\\RUBICAMP\\PROJECT\\phonebook\\mobile\\src\\hooks\\useContactsRedux.ts": {"path":"D:\\BELAJAR\\RUBICAMP\\PROJECT\\phonebook\\mobile\\src\\hooks\\useContactsRedux.ts","statementMap":{"0":{"start":{"line":12,"column":32},"end":{"line":90,"column":1}},"1":{"start":{"line":13,"column":19},"end":{"line":13,"column":41}},"2":{"start":{"line":14,"column":61},"end":{"line":16,"column":3}},"3":{"start":{"line":15,"column":26},"end":{"line":15,"column":40}},"4":{"start":{"line":18,"column":30},"end":{"line":35,"column":3}},"5":{"start":{"line":26,"column":6},"end":{"line":32,"column":7}},"6":{"start":{"line":27,"column":8},"end":{"line":27,"column":78}},"7":{"start":{"line":28,"column":8},"end":{"line":28,"column":20}},"8":{"start":{"line":30,"column":8},"end":{"line":30,"column":57}},"9":{"start":{"line":31,"column":8},"end":{"line":31,"column":21}},"10":{"start":{"line":37,"column":30},"end":{"line":48,"column":3}},"11":{"start":{"line":39,"column":6},"end":{"line":45,"column":7}},"12":{"start":{"line":40,"column":23},"end":{"line":40,"column":65}},"13":{"start":{"line":41,"column":8},"end":{"line":41,"column":22}},"14":{"start":{"line":43,"column":8},"end":{"line":43,"column":56}},"15":{"start":{"line":44,"column":8},"end":{"line":44,"column":21}},"16":{"start":{"line":50,"column":28},"end":{"line":61,"column":3}},"17":{"start":{"line":52,"column":6},"end":{"line":58,"column":7}},"18":{"start":{"line":53,"column":23},"end":{"line":53,"column":67}},"19":{"start":{"line":54,"column":8},"end":{"line":54,"column":22}},"20":{"start":{"line":56,"column":8},"end":{"line":56,"column":55}},"21":{"start":{"line":57,"column":8},"end":{"line":57,"column":21}},"22":{"start":{"line":63,"column":30},"end":{"line":74,"column":3}},"23":{"start":{"line":65,"column":6},"end":{"line":71,"column":7}},"24":{"start":{"line":66,"column":23},"end":{"line":66,"column":56}},"25":{"start":{"line":67,"column":8},"end":{"line":67,"column":22}},"26":{"start":{"line":69,"column":8},"end":{"line":69,"column":56}},"27":{"start":{"line":70,"column":8},"end":{"line":70,"column":21}},"28":{"start":{"line":76,"column":2},"end":{"line":89,"column":4}}},"fnMap":{"0":{"name":"(anonymous_0)","decl":{"start":{"line":12,"column":32},"end":{"line":12,"column":33}},"loc":{"start":{"line":12,"column":38},"end":{"line":90,"column":1}},"line":12},"1":{"name":"(anonymous_1)","decl":{"start":{"line":15,"column":4},"end":{"line":15,"column":5}},"loc":{"start":{"line":15,"column":26},"end":{"line":15,"column":40}},"line":15},"2":{"name":"(anonymous_2)","decl":{"start":{"line":19,"column":4},"end":{"line":19,"column":5}},"loc":{"start":{"line":25,"column":9},"end":{"line":33,"column":5}},"line":25},"3":{"name":"(anonymous_3)","decl":{"start":{"line":38,"column":4},"end":{"line":38,"column":5}},"loc":{"start":{"line":38,"column":40},"end":{"line":46,"column":5}},"line":38},"4":{"name":"(anonymous_4)","decl":{"start":{"line":51,"column":4},"end":{"line":51,"column":5}},"loc":{"start":{"line":51,"column":52},"end":{"line":59,"column":5}},"line":51},"5":{"name":"(anonymous_5)","decl":{"start":{"line":64,"column":4},"end":{"line":64,"column":5}},"loc":{"start":{"line":64,"column":26},"end":{"line":72,"column":5}},"line":64}},"branchMap":{"0":{"loc":{"start":{"line":20,"column":6},"end":{"line":20,"column":22}},"type":"default-arg","locations":[{"start":{"line":20,"column":21},"end":{"line":20,"column":22}}],"line":20},"1":{"loc":{"start":{"line":21,"column":6},"end":{"line":21,"column":24}},"type":"default-arg","locations":[{"start":{"line":21,"column":22},"end":{"line":21,"column":24}}],"line":21},"2":{"loc":{"start":{"line":22,"column":6},"end":{"line":22,"column":29}},"type":"default-arg","locations":[{"start":{"line":22,"column":23},"end":{"line":22,"column":29}}],"line":22},"3":{"loc":{"start":{"line":23,"column":6},"end":{"line":23,"column":39}},"type":"default-arg","locations":[{"start":{"line":23,"column":34},"end":{"line":23,"column":39}}],"line":23},"4":{"loc":{"start":{"line":24,"column":6},"end":{"line":24,"column":25}},"type":"default-arg","locations":[{"start":{"line":24,"column":23},"end":{"line":24,"column":25}}],"line":24}},"s":{"0":0,"1":0,"2":0,"3":0,"4":0,"5":0,"6":0,"7":0,"8":0,"9":0,"10":0,"11":0,"12":0,"13":0,"14":0,"15":0,"16":0,"17":0,"18":0,"19":0,"20":0,"21":0,"22":0,"23":0,"24":0,"25":0,"26":0,"27":0,"28":0},"f":{"0":0,"1":0,"2":0,"3":0,"4":0,"5":0},"b":{"0":[0],"1":[0],"2":[0],"3":[0],"4":[0]}}
,"D:\\BELAJAR\\RUBICAMP\\PROJECT\\phonebook\\mobile\\src\\screens\\AddContactScreen.tsx": {"path":"D:\\BELAJAR\\RUBICAMP\\PROJECT\\phonebook\\mobile\\src\\screens\\AddContactScreen.tsx","statementMap":{"0":{"start":{"line":28,"column":58},"end":{"line":158,"column":1}},"1":{"start":{"line":29,"column":37},"end":{"line":29,"column":50}},"2":{"start":{"line":30,"column":26},"end":{"line":30,"column":46}},"3":{"start":{"line":31,"column":28},"end":{"line":31,"column":48}},"4":{"start":{"line":32,"column":30},"end":{"line":32,"column":59}},"5":{"start":{"line":33,"column":42},"end":{"line":33,"column":66}},"6":{"start":{"line":35,"column":21},"end":{"line":55,"column":3}},"7":{"start":{"line":36,"column":4},"end":{"line":39,"column":5}},"8":{"start":{"line":37,"column":6},"end":{"line":37,"column":65}},"9":{"start":{"line":38,"column":6},"end":{"line":38,"column":13}},"10":{"start":{"line":41,"column":4},"end":{"line":54,"column":5}},"11":{"start":{"line":42,"column":22},"end":{"line":46,"column":8}},"12":{"start":{"line":48,"column":6},"end":{"line":50,"column":7}},"13":{"start":{"line":49,"column":8},"end":{"line":49,"column":28}},"14":{"start":{"line":52,"column":6},"end":{"line":52,"column":52}},"15":{"start":{"line":53,"column":6},"end":{"line":53,"column":71}},"16":{"start":{"line":57,"column":28},"end":{"line":83,"column":3}},"17":{"start":{"line":58,"column":4},"end":{"line":82,"column":5}},"18":{"start":{"line":59,"column":6},"end":{"line":59,"column":28}},"19":{"start":{"line":60,"column":25},"end":{"line":60,"column":80}},"20":{"start":{"line":62,"column":6},"end":{"line":65,"column":7}},"21":{"start":{"line":63,"column":8},"end":{"line":63,"column":90}},"22":{"start":{"line":64,"column":8},"end":{"line":64,"column":15}},"23":{"start":{"line":67,"column":21},"end":{"line":72,"column":8}},"24":{"start":{"line":74,"column":6},"end":{"line":76,"column":7}},"25":{"start":{"line":75,"column":8},"end":{"line":75,"column":40}},"26":{"start":{"line":78,"column":6},"end":{"line":78,"column":53}},"27":{"start":{"line":79,"column":6},"end":{"line":79,"column":72}},"28":{"start":{"line":81,"column":6},"end":{"line":81,"column":29}},"29":{"start":{"line":85,"column":2},"end":{"line":87,"column":3}},"30":{"start":{"line":86,"column":4},"end":{"line":86,"column":23}},"31":{"start":{"line":89,"column":2},"end":{"line":157,"column":4}},"32":{"start":{"line":106,"column":16},"end":{"line":106,"column":53}},"33":{"start":{"line":107,"column":16},"end":{"line":107,"column":32}},"34":{"start":{"line":160,"column":15},"end":{"line":217,"column":2}}},"fnMap":{"0":{"name":"(anonymous_0)","decl":{"start":{"line":28,"column":58},"end":{"line":28,"column":59}},"loc":{"start":{"line":28,"column":78},"end":{"line":158,"column":1}},"line":28},"1":{"name":"(anonymous_1)","decl":{"start":{"line":35,"column":21},"end":{"line":35,"column":22}},"loc":{"start":{"line":35,"column":48},"end":{"line":55,"column":3}},"line":35},"2":{"name":"(anonymous_2)","decl":{"start":{"line":57,"column":28},"end":{"line":57,"column":29}},"loc":{"start":{"line":57,"column":55},"end":{"line":83,"column":3}},"line":57},"3":{"name":"(anonymous_3)","decl":{"start":{"line":105,"column":23},"end":{"line":105,"column":24}},"loc":{"start":{"line":105,"column":29},"end":{"line":108,"column":15}},"line":105}},"branchMap":{"0":{"loc":{"start":{"line":36,"column":4},"end":{"line":39,"column":5}},"type":"if","locations":[{"start":{"line":36,"column":4},"end":{"line":39,"column":5}},{"start":{},"end":{}}],"line":36},"1":{"loc":{"start":{"line":36,"column":8},"end":{"line":36,"column":37}},"type":"binary-expr","locations":[{"start":{"line":36,"column":8},"end":{"line":36,"column":20}},{"start":{"line":36,"column":24},"end":{"line":36,"column":37}}],"line":36},"2":{"loc":{"start":{"line":48,"column":6},"end":{"line":50,"column":7}},"type":"if","locations":[{"start":{"line":48,"column":6},"end":{"line":50,"column":7}},{"start":{},"end":{}}],"line":48},"3":{"loc":{"start":{"line":62,"column":6},"end":{"line":65,"column":7}},"type":"if","locations":[{"start":{"line":62,"column":6},"end":{"line":65,"column":7}},{"start":{},"end":{}}],"line":62},"4":{"loc":{"start":{"line":74,"column":6},"end":{"line":76,"column":7}},"type":"if","locations":[{"start":{"line":74,"column":6},"end":{"line":76,"column":7}},{"start":{},"end":{}}],"line":74},"5":{"loc":{"start":{"line":74,"column":10},"end":{"line":74,"column":63}},"type":"binary-expr","locations":[{"start":{"line":74,"column":10},"end":{"line":74,"column":26}},{"start":{"line":74,"column":30},"end":{"line":74,"column":43}},{"start":{"line":74,"column":47},"end":{"line":74,"column":63}}],"line":74},"6":{"loc":{"start":{"line":85,"column":2},"end":{"line":87,"column":3}},"type":"if","locations":[{"start":{"line":85,"column":2},"end":{"line":87,"column":3}},{"start":{},"end":{}}],"line":85},"7":{"loc":{"start":{"line":97,"column":11},"end":{"line":116,"column":11}},"type":"cond-expr","locations":[{"start":{"line":98,"column":12},"end":{"line":100,"column":19}},{"start":{"line":101,"column":14},"end":{"line":116,"column":11}}],"line":97},"8":{"loc":{"start":{"line":101,"column":14},"end":{"line":116,"column":11}},"type":"cond-expr","locations":[{"start":{"line":102,"column":12},"end":{"line":109,"column":14}},{"start":{"line":111,"column":12},"end":{"line":115,"column":19}}],"line":101},"9":{"loc":{"start":{"line":113,"column":17},"end":{"line":113,"column":58}},"type":"cond-expr","locations":[{"start":{"line":113,"column":24},"end":{"line":113,"column":52}},{"start":{"line":113,"column":55},"end":{"line":113,"column":58}}],"line":113},"10":{"loc":{"start":{"line":118,"column":13},"end":{"line":118,"column":54}},"type":"cond-expr","locations":[{"start":{"line":118,"column":28},"end":{"line":118,"column":40}},{"start":{"line":118,"column":43},"end":{"line":118,"column":54}}],"line":118},"11":{"loc":{"start":{"line":144,"column":12},"end":{"line":144,"column":101}},"type":"cond-expr","locations":[{"start":{"line":144,"column":73},"end":{"line":144,"column":94}},{"start":{"line":144,"column":97},"end":{"line":144,"column":101}}],"line":144},"12":{"loc":{"start":{"line":144,"column":13},"end":{"line":144,"column":69}},"type":"binary-expr","locations":[{"start":{"line":144,"column":13},"end":{"line":144,"column":25}},{"start":{"line":144,"column":29},"end":{"line":144,"column":42}},{"start":{"line":144,"column":46},"end":{"line":144,"column":53}},{"start":{"line":144,"column":57},"end":{"line":144,"column":69}}],"line":144},"13":{"loc":{"start":{"line":147,"column":20},"end":{"line":147,"column":76}},"type":"binary-expr","locations":[{"start":{"line":147,"column":20},"end":{"line":147,"column":32}},{"start":{"line":147,"column":36},"end":{"line":147,"column":49}},{"start":{"line":147,"column":53},"end":{"line":147,"column":60}},{"start":{"line":147,"column":64},"end":{"line":147,"column":76}}],"line":147},"14":{"loc":{"start":{"line":149,"column":11},"end":{"line":153,"column":11}},"type":"cond-expr","locations":[{"start":{"line":150,"column":12},"end":{"line":150,"column":46}},{"start":{"line":152,"column":12},"end":{"line":152,"column":63}}],"line":149}},"s":{"0":0,"1":0,"2":0,"3":0,"4":0,"5":0,"6":0,"7":0,"8":0,"9":0,"10":0,"11":0,"12":0,"13":0,"14":0,"15":0,"16":0,"17":0,"18":0,"19":0,"20":0,"21":0,"22":0,"23":0,"24":0,"25":0,"26":0,"27":0,"28":0,"29":0,"30":0,"31":0,"32":0,"33":0,"34":0},"f":{"0":0,"1":0,"2":0,"3":0},"b":{"0":[0,0],"1":[0,0],"2":[0,0],"3":[0,0],"4":[0,0],"5":[0,0,0],"6":[0,0],"7":[0,0],"8":[0,0],"9":[0,0],"10":[0,0],"11":[0,0],"12":[0,0,0,0],"13":[0,0,0,0],"14":[0,0]}}
,"D:\\BELAJAR\\RUBICAMP\\PROJECT\\phonebook\\mobile\\src\\screens\\AvatarScreen.tsx": {"path":"D:\\BELAJAR\\RUBICAMP\\PROJECT\\phonebook\\mobile\\src\\screens\\AvatarScreen.tsx","statementMap":{"0":{"start":{"line":21,"column":16},"end":{"line":21,"column":42}},"1":{"start":{"line":22,"column":23},"end":{"line":22,"column":65}},"2":{"start":{"line":39,"column":50},"end":{"line":221,"column":1}},"3":{"start":{"line":40,"column":38},"end":{"line":40,"column":50}},"4":{"start":{"line":41,"column":44},"end":{"line":41,"column":73}},"5":{"start":{"line":42,"column":32},"end":{"line":42,"column":56}},"6":{"start":{"line":44,"column":26},"end":{"line":61,"column":3}},"7":{"start":{"line":45,"column":4},"end":{"line":47,"column":5}},"8":{"start":{"line":46,"column":6},"end":{"line":46,"column":36}},"9":{"start":{"line":49,"column":4},"end":{"line":51,"column":5}},"10":{"start":{"line":50,"column":6},"end":{"line":50,"column":28}},"11":{"start":{"line":54,"column":4},"end":{"line":56,"column":5}},"12":{"start":{"line":55,"column":6},"end":{"line":55,"column":36}},"13":{"start":{"line":59,"column":22},"end":{"line":59,"column":92}},"14":{"start":{"line":60,"column":4},"end":{"line":60,"column":46}},"15":{"start":{"line":63,"column":34},"end":{"line":90,"column":3}},"16":{"start":{"line":64,"column":4},"end":{"line":89,"column":5}},"17":{"start":{"line":65,"column":6},"end":{"line":65,"column":23}},"18":{"start":{"line":66,"column":25},"end":{"line":66,"column":80}},"19":{"start":{"line":68,"column":6},"end":{"line":71,"column":7}},"20":{"start":{"line":69,"column":8},"end":{"line":69,"column":90}},"21":{"start":{"line":70,"column":8},"end":{"line":70,"column":15}},"22":{"start":{"line":73,"column":21},"end":{"line":79,"column":8}},"23":{"start":{"line":81,"column":6},"end":{"line":83,"column":7}},"24":{"start":{"line":82,"column":8},"end":{"line":82,"column":47}},"25":{"start":{"line":85,"column":6},"end":{"line":85,"column":53}},"26":{"start":{"line":86,"column":6},"end":{"line":86,"column":72}},"27":{"start":{"line":88,"column":6},"end":{"line":88,"column":24}},"28":{"start":{"line":92,"column":26},"end":{"line":117,"column":3}},"29":{"start":{"line":93,"column":4},"end":{"line":116,"column":5}},"30":{"start":{"line":94,"column":6},"end":{"line":94,"column":23}},"31":{"start":{"line":95,"column":25},"end":{"line":95,"column":74}},"32":{"start":{"line":97,"column":6},"end":{"line":100,"column":7}},"33":{"start":{"line":98,"column":8},"end":{"line":98,"column":87}},"34":{"start":{"line":99,"column":8},"end":{"line":99,"column":15}},"35":{"start":{"line":102,"column":21},"end":{"line":106,"column":8}},"36":{"start":{"line":108,"column":6},"end":{"line":110,"column":7}},"37":{"start":{"line":109,"column":8},"end":{"line":109,"column":47}},"38":{"start":{"line":112,"column":6},"end":{"line":112,"column":50}},"39":{"start":{"line":113,"column":6},"end":{"line":113,"column":70}},"40":{"start":{"line":115,"column":6},"end":{"line":115,"column":24}},"41":{"start":{"line":119,"column":28},"end":{"line":136,"column":3}},"42":{"start":{"line":120,"column":4},"end":{"line":135,"column":6}},"43":{"start":{"line":129,"column":12},"end":{"line":129,"column":35}},"44":{"start":{"line":130,"column":12},"end":{"line":130,"column":33}},"45":{"start":{"line":131,"column":12},"end":{"line":131,"column":32}},"46":{"start":{"line":138,"column":21},"end":{"line":149,"column":3}},"47":{"start":{"line":139,"column":4},"end":{"line":148,"column":5}},"48":{"start":{"line":140,"column":6},"end":{"line":140,"column":23}},"49":{"start":{"line":141,"column":6},"end":{"line":141,"column":42}},"50":{"start":{"line":142,"column":6},"end":{"line":142,"column":26}},"51":{"start":{"line":144,"column":6},"end":{"line":144,"column":51}},"52":{"start":{"line":145,"column":6},"end":{"line":145,"column":71}},"53":{"start":{"line":147,"column":6},"end":{"line":147,"column":24}},"54":{"start":{"line":151,"column":2},"end":{"line":220,"column":4}},"55":{"start":{"line":156,"column":25},"end":{"line":156,"column":44}},"56":{"start":{"line":180,"column":26},"end":{"line":180,"column":79}},"57":{"start":{"line":223,"column":15},"end":{"line":289,"column":2}}},"fnMap":{"0":{"name":"(anonymous_0)","decl":{"start":{"line":39,"column":50},"end":{"line":39,"column":51}},"loc":{"start":{"line":39,"column":77},"end":{"line":221,"column":1}},"line":39},"1":{"name":"(anonymous_1)","decl":{"start":{"line":44,"column":26},"end":{"line":44,"column":27}},"loc":{"start":{"line":44,"column":53},"end":{"line":61,"column":3}},"line":44},"2":{"name":"(anonymous_2)","decl":{"start":{"line":63,"column":34},"end":{"line":63,"column":35}},"loc":{"start":{"line":63,"column":61},"end":{"line":90,"column":3}},"line":63},"3":{"name":"(anonymous_3)","decl":{"start":{"line":92,"column":26},"end":{"line":92,"column":27}},"loc":{"start":{"line":92,"column":53},"end":{"line":117,"column":3}},"line":92},"4":{"name":"(anonymous_4)","decl":{"start":{"line":119,"column":28},"end":{"line":119,"column":29}},"loc":{"start":{"line":119,"column":40},"end":{"line":136,"column":3}},"line":119},"5":{"name":"(anonymous_5)","decl":{"start":{"line":128,"column":19},"end":{"line":128,"column":20}},"loc":{"start":{"line":128,"column":25},"end":{"line":132,"column":11}},"line":128},"6":{"name":"(anonymous_6)","decl":{"start":{"line":138,"column":21},"end":{"line":138,"column":22}},"loc":{"start":{"line":138,"column":48},"end":{"line":149,"column":3}},"line":138},"7":{"name":"(anonymous_7)","decl":{"start":{"line":156,"column":19},"end":{"line":156,"column":20}},"loc":{"start":{"line":156,"column":25},"end":{"line":156,"column":44}},"line":156},"8":{"name":"(anonymous_8)","decl":{"start":{"line":180,"column":19},"end":{"line":180,"column":20}},"loc":{"start":{"line":180,"column":26},"end":{"line":180,"column":79}},"line":180}},"branchMap":{"0":{"loc":{"start":{"line":45,"column":4},"end":{"line":47,"column":5}},"type":"if","locations":[{"start":{"line":45,"column":4},"end":{"line":47,"column":5}},{"start":{},"end":{}}],"line":45},"1":{"loc":{"start":{"line":49,"column":4},"end":{"line":51,"column":5}},"type":"if","locations":[{"start":{"line":49,"column":4},"end":{"line":51,"column":5}},{"start":{},"end":{}}],"line":49},"2":{"loc":{"start":{"line":49,"column":8},"end":{"line":49,"column":62}},"type":"binary-expr","locations":[{"start":{"line":49,"column":8},"end":{"line":49,"column":22}},{"start":{"line":49,"column":26},"end":{"line":49,"column":62}}],"line":49},"3":{"loc":{"start":{"line":54,"column":4},"end":{"line":56,"column":5}},"type":"if","locations":[{"start":{"line":54,"column":4},"end":{"line":56,"column":5}},{"start":{},"end":{}}],"line":54},"4":{"loc":{"start":{"line":59,"column":22},"end":{"line":59,"column":92}},"type":"cond-expr","locations":[{"start":{"line":59,"column":54},"end":{"line":59,"column":76}},{"start":{"line":59,"column":79},"end":{"line":59,"column":92}}],"line":59},"5":{"loc":{"start":{"line":68,"column":6},"end":{"line":71,"column":7}},"type":"if","locations":[{"start":{"line":68,"column":6},"end":{"line":71,"column":7}},{"start":{},"end":{}}],"line":68},"6":{"loc":{"start":{"line":81,"column":6},"end":{"line":83,"column":7}},"type":"if","locations":[{"start":{"line":81,"column":6},"end":{"line":83,"column":7}},{"start":{},"end":{}}],"line":81},"7":{"loc":{"start":{"line":81,"column":10},"end":{"line":81,"column":63}},"type":"binary-expr","locations":[{"start":{"line":81,"column":10},"end":{"line":81,"column":26}},{"start":{"line":81,"column":30},"end":{"line":81,"column":43}},{"start":{"line":81,"column":47},"end":{"line":81,"column":63}}],"line":81},"8":{"loc":{"start":{"line":97,"column":6},"end":{"line":100,"column":7}},"type":"if","locations":[{"start":{"line":97,"column":6},"end":{"line":100,"column":7}},{"start":{},"end":{}}],"line":97},"9":{"loc":{"start":{"line":108,"column":6},"end":{"line":110,"column":7}},"type":"if","locations":[{"start":{"line":108,"column":6},"end":{"line":110,"column":7}},{"start":{},"end":{}}],"line":108},"10":{"loc":{"start":{"line":108,"column":10},"end":{"line":108,"column":63}},"type":"binary-expr","locations":[{"start":{"line":108,"column":10},"end":{"line":108,"column":26}},{"start":{"line":108,"column":30},"end":{"line":108,"column":43}},{"start":{"line":108,"column":47},"end":{"line":108,"column":63}}],"line":108},"11":{"loc":{"start":{"line":161,"column":9},"end":{"line":173,"column":9}},"type":"binary-expr","locations":[{"start":{"line":161,"column":9},"end":{"line":161,"column":22}},{"start":{"line":162,"column":10},"end":{"line":172,"column":29}}],"line":161},"12":{"loc":{"start":{"line":167,"column":13},"end":{"line":171,"column":13}},"type":"cond-expr","locations":[{"start":{"line":168,"column":14},"end":{"line":168,"column":48}},{"start":{"line":170,"column":14},"end":{"line":170,"column":66}}],"line":167},"13":{"loc":{"start":{"line":182,"column":9},"end":{"line":186,"column":9}},"type":"binary-expr","locations":[{"start":{"line":182,"column":9},"end":{"line":182,"column":16}},{"start":{"line":183,"column":10},"end":{"line":185,"column":17}}],"line":182},"14":{"loc":{"start":{"line":208,"column":9},"end":{"line":217,"column":9}},"type":"binary-expr","locations":[{"start":{"line":208,"column":10},"end":{"line":208,"column":23}},{"start":{"line":208,"column":27},"end":{"line":208,"column":40}},{"start":{"line":209,"column":10},"end":{"line":216,"column":29}}],"line":208},"15":{"loc":{"start":{"line":233,"column":16},"end":{"line":233,"column":50}},"type":"cond-expr","locations":[{"start":{"line":233,"column":44},"end":{"line":233,"column":46}},{"start":{"line":233,"column":49},"end":{"line":233,"column":50}}],"line":233},"16":{"loc":{"start":{"line":263,"column":19},"end":{"line":263,"column":50}},"type":"cond-expr","locations":[{"start":{"line":263,"column":43},"end":{"line":263,"column":45}},{"start":{"line":263,"column":48},"end":{"line":263,"column":50}}],"line":263}},"s":{"0":0,"1":0,"2":0,"3":0,"4":0,"5":0,"6":0,"7":0,"8":0,"9":0,"10":0,"11":0,"12":0,"13":0,"14":0,"15":0,"16":0,"17":0,"18":0,"19":0,"20":0,"21":0,"22":0,"23":0,"24":0,"25":0,"26":0,"27":0,"28":0,"29":0,"30":0,"31":0,"32":0,"33":0,"34":0,"35":0,"36":0,"37":0,"38":0,"39":0,"40":0,"41":0,"42":0,"43":0,"44":0,"45":0,"46":0,"47":0,"48":0,"49":0,"50":0,"51":0,"52":0,"53":0,"54":0,"55":0,"56":0,"57":0},"f":{"0":0,"1":0,"2":0,"3":0,"4":0,"5":0,"6":0,"7":0,"8":0},"b":{"0":[0,0],"1":[0,0],"2":[0,0],"3":[0,0],"4":[0,0],"5":[0,0],"6":[0,0],"7":[0,0,0],"8":[0,0],"9":[0,0],"10":[0,0,0],"11":[0,0],"12":[0,0],"13":[0,0],"14":[0,0,0],"15":[0,0],"16":[0,0]}}
,"D:\\BELAJAR\\RUBICAMP\\PROJECT\\phonebook\\mobile\\src\\screens\\EditContactScreen.tsx": {"path":"D:\\BELAJAR\\RUBICAMP\\PROJECT\\phonebook\\mobile\\src\\screens\\EditContactScreen.tsx","statementMap":{"0":{"start":{"line":34,"column":60},"end":{"line":119,"column":1}},"1":{"start":{"line":35,"column":22},"end":{"line":35,"column":34}},"2":{"start":{"line":36,"column":35},"end":{"line":36,"column":48}},"3":{"start":{"line":38,"column":26},"end":{"line":38,"column":56}},"4":{"start":{"line":39,"column":28},"end":{"line":39,"column":59}},"5":{"start":{"line":40,"column":30},"end":{"line":40,"column":77}},"6":{"start":{"line":42,"column":21},"end":{"line":57,"column":3}},"7":{"start":{"line":43,"column":4},"end":{"line":46,"column":5}},"8":{"start":{"line":44,"column":6},"end":{"line":44,"column":65}},"9":{"start":{"line":45,"column":6},"end":{"line":45,"column":13}},"10":{"start":{"line":48,"column":20},"end":{"line":52,"column":6}},"11":{"start":{"line":54,"column":4},"end":{"line":56,"column":5}},"12":{"start":{"line":55,"column":6},"end":{"line":55,"column":26}},"13":{"start":{"line":59,"column":28},"end":{"line":77,"column":3}},"14":{"start":{"line":60,"column":23},"end":{"line":60,"column":78}},"15":{"start":{"line":62,"column":4},"end":{"line":65,"column":5}},"16":{"start":{"line":63,"column":6},"end":{"line":63,"column":88}},"17":{"start":{"line":64,"column":6},"end":{"line":64,"column":13}},"18":{"start":{"line":67,"column":19},"end":{"line":72,"column":6}},"19":{"start":{"line":74,"column":4},"end":{"line":76,"column":5}},"20":{"start":{"line":75,"column":6},"end":{"line":75,"column":38}},"21":{"start":{"line":79,"column":2},"end":{"line":81,"column":3}},"22":{"start":{"line":80,"column":4},"end":{"line":80,"column":23}},"23":{"start":{"line":83,"column":2},"end":{"line":118,"column":4}},"24":{"start":{"line":121,"column":15},"end":{"line":174,"column":2}}},"fnMap":{"0":{"name":"(anonymous_0)","decl":{"start":{"line":34,"column":60},"end":{"line":34,"column":61}},"loc":{"start":{"line":34,"column":87},"end":{"line":119,"column":1}},"line":34},"1":{"name":"(anonymous_1)","decl":{"start":{"line":42,"column":21},"end":{"line":42,"column":22}},"loc":{"start":{"line":42,"column":48},"end":{"line":57,"column":3}},"line":42},"2":{"name":"(anonymous_2)","decl":{"start":{"line":59,"column":28},"end":{"line":59,"column":29}},"loc":{"start":{"line":59,"column":55},"end":{"line":77,"column":3}},"line":59}},"branchMap":{"0":{"loc":{"start":{"line":40,"column":54},"end":{"line":40,"column":76}},"type":"binary-expr","locations":[{"start":{"line":40,"column":54},"end":{"line":40,"column":68}},{"start":{"line":40,"column":72},"end":{"line":40,"column":76}}],"line":40},"1":{"loc":{"start":{"line":43,"column":4},"end":{"line":46,"column":5}},"type":"if","locations":[{"start":{"line":43,"column":4},"end":{"line":46,"column":5}},{"start":{},"end":{}}],"line":43},"2":{"loc":{"start":{"line":43,"column":8},"end":{"line":43,"column":37}},"type":"binary-expr","locations":[{"start":{"line":43,"column":8},"end":{"line":43,"column":20}},{"start":{"line":43,"column":24},"end":{"line":43,"column":37}}],"line":43},"3":{"loc":{"start":{"line":54,"column":4},"end":{"line":56,"column":5}},"type":"if","locations":[{"start":{"line":54,"column":4},"end":{"line":56,"column":5}},{"start":{},"end":{}}],"line":54},"4":{"loc":{"start":{"line":62,"column":4},"end":{"line":65,"column":5}},"type":"if","locations":[{"start":{"line":62,"column":4},"end":{"line":65,"column":5}},{"start":{},"end":{}}],"line":62},"5":{"loc":{"start":{"line":74,"column":4},"end":{"line":76,"column":5}},"type":"if","locations":[{"start":{"line":74,"column":4},"end":{"line":76,"column":5}},{"start":{},"end":{}}],"line":74},"6":{"loc":{"start":{"line":74,"column":8},"end":{"line":74,"column":61}},"type":"binary-expr","locations":[{"start":{"line":74,"column":8},"end":{"line":74,"column":24}},{"start":{"line":74,"column":28},"end":{"line":74,"column":41}},{"start":{"line":74,"column":45},"end":{"line":74,"column":61}}],"line":74},"7":{"loc":{"start":{"line":79,"column":2},"end":{"line":81,"column":3}},"type":"if","locations":[{"start":{"line":79,"column":2},"end":{"line":81,"column":3}},{"start":{},"end":{}}],"line":79},"8":{"loc":{"start":{"line":87,"column":11},"end":{"line":93,"column":11}},"type":"cond-expr","locations":[{"start":{"line":88,"column":12},"end":{"line":88,"column":68}},{"start":{"line":90,"column":12},"end":{"line":92,"column":19}}],"line":87}},"s":{"0":0,"1":0,"2":0,"3":0,"4":0,"5":0,"6":0,"7":0,"8":0,"9":0,"10":0,"11":0,"12":0,"13":0,"14":0,"15":0,"16":0,"17":0,"18":0,"19":0,"20":0,"21":0,"22":0,"23":0,"24":0},"f":{"0":0,"1":0,"2":0},"b":{"0":[0,0],"1":[0,0],"2":[0,0],"3":[0,0],"4":[0,0],"5":[0,0],"6":[0,0,0],"7":[0,0],"8":[0,0]}}
,"D:\\BELAJAR\\RUBICAMP\\PROJECT\\phonebook\\mobile\\src\\screens\\HomeScreen.tsx": {"path":"D:\\BELAJAR\\RUBICAMP\\PROJECT\\phonebook\\mobile\\src\\screens\\HomeScreen.tsx","statementMap":{"0":{"start":{"line":28,"column":55},"end":{"line":28,"column":79}},"1":{"start":{"line":29,"column":22},"end":{"line":29,"column":53}},"2":{"start":{"line":30,"column":18},"end":{"line":30,"column":65}},"3":{"start":{"line":31,"column":23},"end":{"line":31,"column":25}},"4":{"start":{"line":51,"column":46},"end":{"line":338,"column":1}},"5":{"start":{"line":52,"column":30},"end":{"line":52,"column":50}},"6":{"start":{"line":53,"column":82},"end":{"line":53,"column":95}},"7":{"start":{"line":54,"column":38},"end":{"line":54,"column":62}},"8":{"start":{"line":55,"column":40},"end":{"line":55,"column":59}},"9":{"start":{"line":56,"column":40},"end":{"line":56,"column":64}},"10":{"start":{"line":57,"column":36},"end":{"line":57,"column":67}},"11":{"start":{"line":58,"column":50},"end":{"line":58,"column":73}},"12":{"start":{"line":59,"column":48},"end":{"line":59,"column":80}},"13":{"start":{"line":60,"column":50},"end":{"line":64,"column":47}},"14":{"start":{"line":66,"column":2},"end":{"line":80,"column":4}},"15":{"start":{"line":69,"column":27},"end":{"line":77,"column":7}},"16":{"start":{"line":70,"column":8},"end":{"line":76,"column":10}},"17":{"start":{"line":78,"column":6},"end":{"line":78,"column":21}},"18":{"start":{"line":82,"column":2},"end":{"line":95,"column":26}},"19":{"start":{"line":83,"column":18},"end":{"line":92,"column":11}},"20":{"start":{"line":84,"column":6},"end":{"line":91,"column":7}},"21":{"start":{"line":85,"column":8},"end":{"line":89,"column":11}},"22":{"start":{"line":90,"column":8},"end":{"line":90,"column":78}},"23":{"start":{"line":94,"column":4},"end":{"line":94,"column":37}},"24":{"start":{"line":94,"column":17},"end":{"line":94,"column":36}},"25":{"start":{"line":97,"column":2},"end":{"line":104,"column":40}},"26":{"start":{"line":98,"column":4},"end":{"line":103,"column":5}},"27":{"start":{"line":99,"column":23},"end":{"line":101,"column":7}},"28":{"start":{"line":100,"column":8},"end":{"line":100,"column":89}},"29":{"start":{"line":102,"column":6},"end":{"line":102,"column":36}},"30":{"start":{"line":106,"column":21},"end":{"line":116,"column":3}},"31":{"start":{"line":107,"column":25},"end":{"line":107,"column":61}},"32":{"start":{"line":108,"column":4},"end":{"line":108,"column":31}},"33":{"start":{"line":109,"column":4},"end":{"line":113,"column":8}},"34":{"start":{"line":109,"column":33},"end":{"line":113,"column":5}},"35":{"start":{"line":114,"column":4},"end":{"line":114,"column":22}},"36":{"start":{"line":115,"column":4},"end":{"line":115,"column":67}},"37":{"start":{"line":118,"column":21},"end":{"line":124,"column":3}},"38":{"start":{"line":119,"column":4},"end":{"line":123,"column":7}},"39":{"start":{"line":120,"column":21},"end":{"line":120,"column":34}},"40":{"start":{"line":121,"column":6},"end":{"line":121,"column":29}},"41":{"start":{"line":122,"column":6},"end":{"line":122,"column":20}},"42":{"start":{"line":126,"column":25},"end":{"line":139,"column":3}},"43":{"start":{"line":127,"column":4},"end":{"line":138,"column":5}},"44":{"start":{"line":128,"column":6},"end":{"line":128,"column":59}},"45":{"start":{"line":129,"column":6},"end":{"line":133,"column":9}},"46":{"start":{"line":130,"column":23},"end":{"line":130,"column":36}},"47":{"start":{"line":131,"column":8},"end":{"line":131,"column":41}},"48":{"start":{"line":132,"column":8},"end":{"line":132,"column":22}},"49":{"start":{"line":134,"column":6},"end":{"line":134,"column":76}},"50":{"start":{"line":136,"column":6},"end":{"line":136,"column":54}},"51":{"start":{"line":137,"column":6},"end":{"line":137,"column":74}},"52":{"start":{"line":141,"column":27},"end":{"line":147,"column":3}},"53":{"start":{"line":142,"column":4},"end":{"line":146,"column":7}},"54":{"start":{"line":143,"column":21},"end":{"line":143,"column":34}},"55":{"start":{"line":144,"column":6},"end":{"line":144,"column":31}},"56":{"start":{"line":145,"column":6},"end":{"line":145,"column":20}},"57":{"start":{"line":149,"column":23},"end":{"line":168,"column":3}},"58":{"start":{"line":150,"column":4},"end":{"line":167,"column":5}},"59":{"start":{"line":151,"column":22},"end":{"line":151,"column":45}},"60":{"start":{"line":152,"column":6},"end":{"line":163,"column":7}},"61":{"start":{"line":154,"column":8},"end":{"line":158,"column":11}},"62":{"start":{"line":155,"column":25},"end":{"line":155,"column":38}},"63":{"start":{"line":156,"column":10},"end":{"line":156,"column":28}},"64":{"start":{"line":157,"column":10},"end":{"line":157,"column":24}},"65":{"start":{"line":160,"column":8},"end":{"line":160,"column":78}},"66":{"start":{"line":162,"column":8},"end":{"line":162,"column":76}},"67":{"start":{"line":165,"column":6},"end":{"line":165,"column":54}},"68":{"start":{"line":166,"column":6},"end":{"line":166,"column":74}},"69":{"start":{"line":170,"column":28},"end":{"line":182,"column":3}},"70":{"start":{"line":171,"column":4},"end":{"line":181,"column":7}},"71":{"start":{"line":174,"column":8},"end":{"line":179,"column":9}},"72":{"start":{"line":175,"column":10},"end":{"line":175,"column":75}},"73":{"start":{"line":177,"column":10},"end":{"line":177,"column":57}},"74":{"start":{"line":178,"column":10},"end":{"line":178,"column":77}},"75":{"start":{"line":184,"column":27},"end":{"line":186,"column":3}},"76":{"start":{"line":185,"column":4},"end":{"line":185,"column":38}},"77":{"start":{"line":188,"column":23},"end":{"line":196,"column":3}},"78":{"start":{"line":189,"column":4},"end":{"line":189,"column":22}},"79":{"start":{"line":190,"column":4},"end":{"line":194,"column":8}},"80":{"start":{"line":190,"column":33},"end":{"line":194,"column":5}},"81":{"start":{"line":195,"column":4},"end":{"line":195,"column":64}},"82":{"start":{"line":198,"column":24},"end":{"line":206,"column":3}},"83":{"start":{"line":199,"column":4},"end":{"line":199,"column":24}},"84":{"start":{"line":200,"column":4},"end":{"line":200,"column":18}},"85":{"start":{"line":201,"column":4},"end":{"line":201,"column":22}},"86":{"start":{"line":202,"column":22},"end":{"line":202,"column":56}},"87":{"start":{"line":203,"column":4},"end":{"line":203,"column":35}},"88":{"start":{"line":204,"column":4},"end":{"line":204,"column":62}},"89":{"start":{"line":205,"column":4},"end":{"line":205,"column":25}},"90":{"start":{"line":208,"column":25},"end":{"line":227,"column":3}},"91":{"start":{"line":209,"column":4},"end":{"line":211,"column":5}},"92":{"start":{"line":210,"column":6},"end":{"line":210,"column":13}},"93":{"start":{"line":213,"column":4},"end":{"line":213,"column":25}},"94":{"start":{"line":214,"column":21},"end":{"line":214,"column":36}},"95":{"start":{"line":215,"column":4},"end":{"line":226,"column":5}},"96":{"start":{"line":216,"column":6},"end":{"line":219,"column":10}},"97":{"start":{"line":216,"column":35},"end":{"line":219,"column":7}},"98":{"start":{"line":220,"column":6},"end":{"line":220,"column":79}},"99":{"start":{"line":221,"column":6},"end":{"line":221,"column":31}},"100":{"start":{"line":223,"column":6},"end":{"line":223,"column":59}},"101":{"start":{"line":225,"column":6},"end":{"line":225,"column":28}},"102":{"start":{"line":229,"column":23},"end":{"line":238,"column":44}},"103":{"start":{"line":230,"column":62},"end":{"line":230,"column":79}},"104":{"start":{"line":231,"column":28},"end":{"line":231,"column":30}},"105":{"start":{"line":232,"column":28},"end":{"line":233,"column":42}},"106":{"start":{"line":235,"column":4},"end":{"line":237,"column":5}},"107":{"start":{"line":236,"column":6},"end":{"line":236,"column":23}},"108":{"start":{"line":240,"column":2},"end":{"line":249,"column":3}},"109":{"start":{"line":241,"column":4},"end":{"line":248,"column":6}},"110":{"start":{"line":251,"column":2},"end":{"line":253,"column":3}},"111":{"start":{"line":252,"column":4},"end":{"line":252,"column":23}},"112":{"start":{"line":255,"column":25},"end":{"line":265,"column":3}},"113":{"start":{"line":256,"column":4},"end":{"line":264,"column":11}},"114":{"start":{"line":267,"column":2},"end":{"line":337,"column":4}},"115":{"start":{"line":314,"column":16},"end":{"line":323,"column":18}},"116":{"start":{"line":317,"column":32},"end":{"line":317,"column":51}},"117":{"start":{"line":318,"column":34},"end":{"line":318,"column":58}},"118":{"start":{"line":319,"column":39},"end":{"line":319,"column":65}},"119":{"start":{"line":322,"column":34},"end":{"line":322,"column":62}},"120":{"start":{"line":340,"column":15},"end":{"line":429,"column":2}}},"fnMap":{"0":{"name":"(anonymous_0)","decl":{"start":{"line":51,"column":46},"end":{"line":51,"column":47}},"loc":{"start":{"line":51,"column":66},"end":{"line":338,"column":1}},"line":51},"1":{"name":"(anonymous_1)","decl":{"start":{"line":67,"column":16},"end":{"line":67,"column":17}},"loc":{"start":{"line":67,"column":22},"end":{"line":79,"column":5}},"line":67},"2":{"name":"(anonymous_2)","decl":{"start":{"line":69,"column":27},"end":{"line":69,"column":28}},"loc":{"start":{"line":69,"column":33},"end":{"line":77,"column":7}},"line":69},"3":{"name":"(anonymous_3)","decl":{"start":{"line":82,"column":12},"end":{"line":82,"column":13}},"loc":{"start":{"line":82,"column":18},"end":{"line":95,"column":3}},"line":82},"4":{"name":"(anonymous_4)","decl":{"start":{"line":83,"column":29},"end":{"line":83,"column":30}},"loc":{"start":{"line":83,"column":35},"end":{"line":92,"column":5}},"line":83},"5":{"name":"(anonymous_5)","decl":{"start":{"line":94,"column":11},"end":{"line":94,"column":12}},"loc":{"start":{"line":94,"column":17},"end":{"line":94,"column":36}},"line":94},"6":{"name":"(anonymous_6)","decl":{"start":{"line":97,"column":12},"end":{"line":97,"column":13}},"loc":{"start":{"line":97,"column":18},"end":{"line":104,"column":3}},"line":97},"7":{"name":"(anonymous_7)","decl":{"start":{"line":99,"column":53},"end":{"line":99,"column":54}},"loc":{"start":{"line":100,"column":8},"end":{"line":100,"column":89}},"line":100},"8":{"name":"(anonymous_8)","decl":{"start":{"line":106,"column":21},"end":{"line":106,"column":22}},"loc":{"start":{"line":106,"column":33},"end":{"line":116,"column":3}},"line":106},"9":{"name":"(anonymous_9)","decl":{"start":{"line":109,"column":24},"end":{"line":109,"column":25}},"loc":{"start":{"line":109,"column":33},"end":{"line":113,"column":5}},"line":109},"10":{"name":"(anonymous_10)","decl":{"start":{"line":118,"column":21},"end":{"line":118,"column":22}},"loc":{"start":{"line":118,"column":49},"end":{"line":124,"column":3}},"line":118},"11":{"name":"(anonymous_11)","decl":{"start":{"line":119,"column":23},"end":{"line":119,"column":24}},"loc":{"start":{"line":119,"column":31},"end":{"line":123,"column":5}},"line":119},"12":{"name":"(anonymous_12)","decl":{"start":{"line":126,"column":25},"end":{"line":126,"column":26}},"loc":{"start":{"line":126,"column":75},"end":{"line":139,"column":3}},"line":126},"13":{"name":"(anonymous_13)","decl":{"start":{"line":129,"column":25},"end":{"line":129,"column":26}},"loc":{"start":{"line":129,"column":33},"end":{"line":133,"column":7}},"line":129},"14":{"name":"(anonymous_14)","decl":{"start":{"line":141,"column":27},"end":{"line":141,"column":28}},"loc":{"start":{"line":141,"column":56},"end":{"line":147,"column":3}},"line":141},"15":{"name":"(anonymous_15)","decl":{"start":{"line":142,"column":23},"end":{"line":142,"column":24}},"loc":{"start":{"line":142,"column":31},"end":{"line":146,"column":5}},"line":142},"16":{"name":"(anonymous_16)","decl":{"start":{"line":149,"column":23},"end":{"line":149,"column":24}},"loc":{"start":{"line":149,"column":60},"end":{"line":168,"column":3}},"line":149},"17":{"name":"(anonymous_17)","decl":{"start":{"line":154,"column":27},"end":{"line":154,"column":28}},"loc":{"start":{"line":154,"column":35},"end":{"line":158,"column":9}},"line":154},"18":{"name":"(anonymous_18)","decl":{"start":{"line":170,"column":28},"end":{"line":170,"column":29}},"loc":{"start":{"line":170,"column":56},"end":{"line":182,"column":3}},"line":170},"19":{"name":"(anonymous_19)","decl":{"start":{"line":173,"column":22},"end":{"line":173,"column":23}},"loc":{"start":{"line":173,"column":58},"end":{"line":180,"column":7}},"line":173},"20":{"name":"(anonymous_20)","decl":{"start":{"line":184,"column":27},"end":{"line":184,"column":28}},"loc":{"start":{"line":184,"column":39},"end":{"line":186,"column":3}},"line":184},"21":{"name":"(anonymous_21)","decl":{"start":{"line":188,"column":23},"end":{"line":188,"column":24}},"loc":{"start":{"line":188,"column":35},"end":{"line":196,"column":3}},"line":188},"22":{"name":"(anonymous_22)","decl":{"start":{"line":190,"column":24},"end":{"line":190,"column":25}},"loc":{"start":{"line":190,"column":33},"end":{"line":194,"column":5}},"line":190},"23":{"name":"(anonymous_23)","decl":{"start":{"line":198,"column":24},"end":{"line":198,"column":25}},"loc":{"start":{"line":198,"column":51},"end":{"line":206,"column":3}},"line":198},"24":{"name":"(anonymous_24)","decl":{"start":{"line":208,"column":25},"end":{"line":208,"column":26}},"loc":{"start":{"line":208,"column":52},"end":{"line":227,"column":3}},"line":208},"25":{"name":"(anonymous_25)","decl":{"start":{"line":216,"column":26},"end":{"line":216,"column":27}},"loc":{"start":{"line":216,"column":35},"end":{"line":219,"column":7}},"line":216},"26":{"name":"(anonymous_26)","decl":{"start":{"line":229,"column":35},"end":{"line":229,"column":36}},"loc":{"start":{"line":229,"column":93},"end":{"line":238,"column":3}},"line":229},"27":{"name":"(anonymous_27)","decl":{"start":{"line":255,"column":25},"end":{"line":255,"column":26}},"loc":{"start":{"line":256,"column":4},"end":{"line":264,"column":11}},"line":256},"28":{"name":"(anonymous_28)","decl":{"start":{"line":313,"column":36},"end":{"line":313,"column":37}},"loc":{"start":{"line":314,"column":16},"end":{"line":323,"column":18}},"line":314},"29":{"name":"(anonymous_29)","decl":{"start":{"line":317,"column":26},"end":{"line":317,"column":27}},"loc":{"start":{"line":317,"column":32},"end":{"line":317,"column":51}},"line":317},"30":{"name":"(anonymous_30)","decl":{"start":{"line":318,"column":28},"end":{"line":318,"column":29}},"loc":{"start":{"line":318,"column":34},"end":{"line":318,"column":58}},"line":318},"31":{"name":"(anonymous_31)","decl":{"start":{"line":319,"column":33},"end":{"line":319,"column":34}},"loc":{"start":{"line":319,"column":39},"end":{"line":319,"column":65}},"line":319},"32":{"name":"(anonymous_32)","decl":{"start":{"line":322,"column":28},"end":{"line":322,"column":29}},"loc":{"start":{"line":322,"column":34},"end":{"line":322,"column":62}},"line":322}},"branchMap":{"0":{"loc":{"start":{"line":29,"column":22},"end":{"line":29,"column":53}},"type":"cond-expr","locations":[{"start":{"line":29,"column":46},"end":{"line":29,"column":48}},{"start":{"line":29,"column":51},"end":{"line":29,"column":53}}],"line":29},"1":{"loc":{"start":{"line":84,"column":6},"end":{"line":91,"column":7}},"type":"if","locations":[{"start":{"line":84,"column":6},"end":{"line":91,"column":7}},{"start":{},"end":{}}],"line":84},"2":{"loc":{"start":{"line":98,"column":4},"end":{"line":103,"column":5}},"type":"if","locations":[{"start":{"line":98,"column":4},"end":{"line":103,"column":5}},{"start":{},"end":{}}],"line":98},"3":{"loc":{"start":{"line":100,"column":8},"end":{"line":100,"column":89}},"type":"cond-expr","locations":[{"start":{"line":100,"column":30},"end":{"line":100,"column":58}},{"start":{"line":100,"column":61},"end":{"line":100,"column":89}}],"line":100},"4":{"loc":{"start":{"line":107,"column":25},"end":{"line":107,"column":61}},"type":"cond-expr","locations":[{"start":{"line":107,"column":47},"end":{"line":107,"column":53}},{"start":{"line":107,"column":56},"end":{"line":107,"column":61}}],"line":107},"5":{"loc":{"start":{"line":152,"column":6},"end":{"line":163,"column":7}},"type":"if","locations":[{"start":{"line":152,"column":6},"end":{"line":163,"column":7}},{"start":{"line":161,"column":13},"end":{"line":163,"column":7}}],"line":152},"6":{"loc":{"start":{"line":209,"column":4},"end":{"line":211,"column":5}},"type":"if","locations":[{"start":{"line":209,"column":4},"end":{"line":211,"column":5}},{"start":{},"end":{}}],"line":209},"7":{"loc":{"start":{"line":209,"column":8},"end":{"line":209,"column":76}},"type":"binary-expr","locations":[{"start":{"line":209,"column":8},"end":{"line":209,"column":19}},{"start":{"line":209,"column":23},"end":{"line":209,"column":32}},{"start":{"line":209,"column":36},"end":{"line":209,"column":65}},{"start":{"line":209,"column":69},"end":{"line":209,"column":76}}],"line":209},"8":{"loc":{"start":{"line":235,"column":4},"end":{"line":237,"column":5}},"type":"if","locations":[{"start":{"line":235,"column":4},"end":{"line":237,"column":5}},{"start":{},"end":{}}],"line":235},"9":{"loc":{"start":{"line":235,"column":8},"end":{"line":235,"column":51}},"type":"binary-expr","locations":[{"start":{"line":235,"column":8},"end":{"line":235,"column":23}},{"start":{"line":235,"column":27},"end":{"line":235,"column":39}},{"start":{"line":235,"column":43},"end":{"line":235,"column":51}}],"line":235},"10":{"loc":{"start":{"line":240,"column":2},"end":{"line":249,"column":3}},"type":"if","locations":[{"start":{"line":240,"column":2},"end":{"line":249,"column":3}},{"start":{},"end":{}}],"line":240},"11":{"loc":{"start":{"line":251,"column":2},"end":{"line":253,"column":3}},"type":"if","locations":[{"start":{"line":251,"column":2},"end":{"line":253,"column":3}},{"start":{},"end":{}}],"line":251},"12":{"loc":{"start":{"line":251,"column":6},"end":{"line":251,"column":46}},"type":"binary-expr","locations":[{"start":{"line":251,"column":6},"end":{"line":251,"column":13}},{"start":{"line":251,"column":17},"end":{"line":251,"column":46}}],"line":251},"13":{"loc":{"start":{"line":258,"column":9},"end":{"line":258,"column":78}},"type":"cond-expr","locations":[{"start":{"line":258,"column":18},"end":{"line":258,"column":58}},{"start":{"line":258,"column":61},"end":{"line":258,"column":78}}],"line":258},"14":{"loc":{"start":{"line":274,"column":20},"end":{"line":274,"column":73}},"type":"cond-expr","locations":[{"start":{"line":274,"column":42},"end":{"line":274,"column":57}},{"start":{"line":274,"column":60},"end":{"line":274,"column":73}}],"line":274},"15":{"loc":{"start":{"line":295,"column":12},"end":{"line":295,"column":65}},"type":"binary-expr","locations":[{"start":{"line":295,"column":12},"end":{"line":295,"column":36}},{"start":{"line":295,"column":40},"end":{"line":295,"column":65}}],"line":295},"16":{"loc":{"start":{"line":311,"column":11},"end":{"line":333,"column":11}},"type":"cond-expr","locations":[{"start":{"line":312,"column":12},"end":{"line":330,"column":15}},{"start":{"line":332,"column":12},"end":{"line":332,"column":30}}],"line":311},"17":{"loc":{"start":{"line":325,"column":15},"end":{"line":329,"column":15}},"type":"binary-expr","locations":[{"start":{"line":325,"column":15},"end":{"line":325,"column":26}},{"start":{"line":326,"column":16},"end":{"line":328,"column":23}}],"line":325},"18":{"loc":{"start":{"line":355,"column":16},"end":{"line":355,"column":71}},"type":"cond-expr","locations":[{"start":{"line":355,"column":44},"end":{"line":355,"column":67}},{"start":{"line":355,"column":70},"end":{"line":355,"column":71}}],"line":355}},"s":{"0":0,"1":0,"2":0,"3":0,"4":0,"5":0,"6":0,"7":0,"8":0,"9":0,"10":0,"11":0,"12":0,"13":0,"14":0,"15":0,"16":0,"17":0,"18":0,"19":0,"20":0,"21":0,"22":0,"23":0,"24":0,"25":0,"26":0,"27":0,"28":0,"29":0,"30":0,"31":0,"32":0,"33":0,"34":0,"35":0,"36":0,"37":0,"38":0,"39":0,"40":0,"41":0,"42":0,"43":0,"44":0,"45":0,"46":0,"47":0,"48":0,"49":0,"50":0,"51":0,"52":0,"53":0,"54":0,"55":0,"56":0,"57":0,"58":0,"59":0,"60":0,"61":0,"62":0,"63":0,"64":0,"65":0,"66":0,"67":0,"68":0,"69":0,"70":0,"71":0,"72":0,"73":0,"74":0,"75":0,"76":0,"77":0,"78":0,"79":0,"80":0,"81":0,"82":0,"83":0,"84":0,"85":0,"86":0,"87":0,"88":0,"89":0,"90":0,"91":0,"92":0,"93":0,"94":0,"95":0,"96":0,"97":0,"98":0,"99":0,"100":0,"101":0,"102":0,"103":0,"104":0,"105":0,"106":0,"107":0,"108":0,"109":0,"110":0,"111":0,"112":0,"113":0,"114":0,"115":0,"116":0,"117":0,"118":0,"119":0,"120":0},"f":{"0":0,"1":0,"2":0,"3":0,"4":0,"5":0,"6":0,"7":0,"8":0,"9":0,"10":0,"11":0,"12":0,"13":0,"14":0,"15":0,"16":0,"17":0,"18":0,"19":0,"20":0,"21":0,"22":0,"23":0,"24":0,"25":0,"26":0,"27":0,"28":0,"29":0,"30":0,"31":0,"32":0},"b":{"0":[0,0],"1":[0,0],"2":[0,0],"3":[0,0],"4":[0,0],"5":[0,0],"6":[0,0],"7":[0,0,0,0],"8":[0,0],"9":[0,0,0],"10":[0,0],"11":[0,0],"12":[0,0],"13":[0,0],"14":[0,0],"15":[0,0],"16":[0,0],"17":[0,0],"18":[0,0]}}
,"D:\\BELAJAR\\RUBICAMP\\PROJECT\\phonebook\\mobile\\src\\services\\api.ts": {"path":"D:\\BELAJAR\\RUBICAMP\\PROJECT\\phonebook\\mobile\\src\\services\\api.ts","statementMap":{"0":{"start":{"line":4,"column":16},"end":{"line":4,"column":46}},"1":{"start":{"line":12,"column":27},"end":{"line":28,"column":1}},"2":{"start":{"line":19,"column":2},"end":{"line":27,"column":3}},"3":{"start":{"line":20,"column":21},"end":{"line":22,"column":6}},"4":{"start":{"line":23,"column":4},"end":{"line":23,"column":25}},"5":{"start":{"line":25,"column":4},"end":{"line":25,"column":53}},"6":{"start":{"line":26,"column":4},"end":{"line":26,"column":16}},"7":{"start":{"line":30,"column":26},"end":{"line":62,"column":1}},"8":{"start":{"line":31,"column":2},"end":{"line":61,"column":3}},"9":{"start":{"line":32,"column":21},"end":{"line":35,"column":6}},"10":{"start":{"line":37,"column":4},"end":{"line":55,"column":5}},"11":{"start":{"line":38,"column":23},"end":{"line":38,"column":37}},"12":{"start":{"line":40,"column":23},"end":{"line":40,"column":69}},"13":{"start":{"line":41,"column":20},"end":{"line":41,"column":45}},"14":{"start":{"line":42,"column":19},"end":{"line":42,"column":61}},"15":{"start":{"line":44,"column":6},"end":{"line":48,"column":28}},"16":{"start":{"line":50,"column":6},"end":{"line":54,"column":9}},"17":{"start":{"line":57,"column":4},"end":{"line":57,"column":25}},"18":{"start":{"line":59,"column":4},"end":{"line":59,"column":50}},"19":{"start":{"line":60,"column":4},"end":{"line":60,"column":16}},"20":{"start":{"line":64,"column":29},"end":{"line":96,"column":1}},"21":{"start":{"line":65,"column":2},"end":{"line":95,"column":3}},"22":{"start":{"line":66,"column":21},"end":{"line":69,"column":6}},"23":{"start":{"line":71,"column":4},"end":{"line":89,"column":5}},"24":{"start":{"line":72,"column":23},"end":{"line":72,"column":37}},"25":{"start":{"line":74,"column":23},"end":{"line":74,"column":69}},"26":{"start":{"line":75,"column":20},"end":{"line":75,"column":45}},"27":{"start":{"line":76,"column":19},"end":{"line":76,"column":61}},"28":{"start":{"line":78,"column":6},"end":{"line":82,"column":28}},"29":{"start":{"line":84,"column":6},"end":{"line":88,"column":9}},"30":{"start":{"line":91,"column":4},"end":{"line":91,"column":25}},"31":{"start":{"line":93,"column":4},"end":{"line":93,"column":52}},"32":{"start":{"line":94,"column":4},"end":{"line":94,"column":16}},"33":{"start":{"line":98,"column":29},"end":{"line":113,"column":1}},"34":{"start":{"line":99,"column":2},"end":{"line":112,"column":3}},"35":{"start":{"line":100,"column":21},"end":{"line":100,"column":70}},"36":{"start":{"line":101,"column":4},"end":{"line":101,"column":35}},"37":{"start":{"line":103,"column":4},"end":{"line":103,"column":52}},"38":{"start":{"line":104,"column":4},"end":{"line":111,"column":5}},"39":{"start":{"line":105,"column":6},"end":{"line":105,"column":60}},"40":{"start":{"line":106,"column":6},"end":{"line":106,"column":81}},"41":{"start":{"line":107,"column":11},"end":{"line":111,"column":5}},"42":{"start":{"line":108,"column":6},"end":{"line":108,"column":80}},"43":{"start":{"line":110,"column":6},"end":{"line":110,"column":54}}},"fnMap":{"0":{"name":"(anonymous_0)","decl":{"start":{"line":12,"column":27},"end":{"line":12,"column":28}},"loc":{"start":{"line":18,"column":32},"end":{"line":28,"column":1}},"line":18},"1":{"name":"(anonymous_1)","decl":{"start":{"line":30,"column":26},"end":{"line":30,"column":27}},"loc":{"start":{"line":30,"column":76},"end":{"line":62,"column":1}},"line":30},"2":{"name":"(anonymous_2)","decl":{"start":{"line":64,"column":29},"end":{"line":64,"column":30}},"loc":{"start":{"line":64,"column":91},"end":{"line":96,"column":1}},"line":64},"3":{"name":"(anonymous_3)","decl":{"start":{"line":98,"column":29},"end":{"line":98,"column":30}},"loc":{"start":{"line":98,"column":69},"end":{"line":113,"column":1}},"line":98}},"branchMap":{"0":{"loc":{"start":{"line":13,"column":2},"end":{"line":13,"column":18}},"type":"default-arg","locations":[{"start":{"line":13,"column":17},"end":{"line":13,"column":18}}],"line":13},"1":{"loc":{"start":{"line":14,"column":2},"end":{"line":14,"column":20}},"type":"default-arg","locations":[{"start":{"line":14,"column":18},"end":{"line":14,"column":20}}],"line":14},"2":{"loc":{"start":{"line":15,"column":2},"end":{"line":15,"column":25}},"type":"default-arg","locations":[{"start":{"line":15,"column":19},"end":{"line":15,"column":25}}],"line":15},"3":{"loc":{"start":{"line":16,"column":2},"end":{"line":16,"column":35}},"type":"default-arg","locations":[{"start":{"line":16,"column":30},"end":{"line":16,"column":35}}],"line":16},"4":{"loc":{"start":{"line":17,"column":2},"end":{"line":17,"column":21}},"type":"default-arg","locations":[{"start":{"line":17,"column":19},"end":{"line":17,"column":21}}],"line":17},"5":{"loc":{"start":{"line":37,"column":4},"end":{"line":55,"column":5}},"type":"if","locations":[{"start":{"line":37,"column":4},"end":{"line":55,"column":5}},{"start":{},"end":{}}],"line":37},"6":{"loc":{"start":{"line":37,"column":8},"end":{"line":37,"column":42}},"type":"binary-expr","locations":[{"start":{"line":37,"column":8},"end":{"line":37,"column":22}},{"start":{"line":37,"column":26},"end":{"line":37,"column":42}}],"line":37},"7":{"loc":{"start":{"line":40,"column":23},"end":{"line":40,"column":69}},"type":"binary-expr","locations":[{"start":{"line":40,"column":23},"end":{"line":40,"column":54}},{"start":{"line":40,"column":58},"end":{"line":40,"column":69}}],"line":40},"8":{"loc":{"start":{"line":42,"column":19},"end":{"line":42,"column":61}},"type":"cond-expr","locations":[{"start":{"line":42,"column":27},"end":{"line":42,"column":46}},{"start":{"line":42,"column":49},"end":{"line":42,"column":61}}],"line":42},"9":{"loc":{"start":{"line":71,"column":4},"end":{"line":89,"column":5}},"type":"if","locations":[{"start":{"line":71,"column":4},"end":{"line":89,"column":5}},{"start":{},"end":{}}],"line":71},"10":{"loc":{"start":{"line":71,"column":8},"end":{"line":71,"column":60}},"type":"binary-expr","locations":[{"start":{"line":71,"column":8},"end":{"line":71,"column":22}},{"start":{"line":71,"column":26},"end":{"line":71,"column":60}}],"line":71},"11":{"loc":{"start":{"line":74,"column":23},"end":{"line":74,"column":69}},"type":"binary-expr","locations":[{"start":{"line":74,"column":23},"end":{"line":74,"column":54}},{"start":{"line":74,"column":58},"end":{"line":74,"column":69}}],"line":74},"12":{"loc":{"start":{"line":76,"column":19},"end":{"line":76,"column":61}},"type":"cond-expr","locations":[{"start":{"line":76,"column":27},"end":{"line":76,"column":46}},{"start":{"line":76,"column":49},"end":{"line":76,"column":61}}],"line":76},"13":{"loc":{"start":{"line":104,"column":4},"end":{"line":111,"column":5}},"type":"if","locations":[{"start":{"line":104,"column":4},"end":{"line":111,"column":5}},{"start":{"line":107,"column":11},"end":{"line":111,"column":5}}],"line":104},"14":{"loc":{"start":{"line":106,"column":22},"end":{"line":106,"column":79}},"type":"binary-expr","locations":[{"start":{"line":106,"column":22},"end":{"line":106,"column":49}},{"start":{"line":106,"column":53},"end":{"line":106,"column":79}}],"line":106},"15":{"loc":{"start":{"line":107,"column":11},"end":{"line":111,"column":5}},"type":"if","locations":[{"start":{"line":107,"column":11},"end":{"line":111,"column":5}},{"start":{"line":109,"column":11},"end":{"line":111,"column":5}}],"line":107}},"s":{"0":0,"1":0,"2":0,"3":0,"4":0,"5":0,"6":0,"7":0,"8":0,"9":0,"10":0,"11":0,"12":0,"13":0,"14":0,"15":0,"16":0,"17":0,"18":0,"19":0,"20":0,"21":0,"22":0,"23":0,"24":0,"25":0,"26":0,"27":0,"28":0,"29":0,"30":0,"31":0,"32":0,"33":0,"34":0,"35":0,"36":0,"37":0,"38":0,"39":0,"40":0,"41":0,"42":0,"43":0},"f":{"0":0,"1":0,"2":0,"3":0},"b":{"0":[0],"1":[0],"2":[0],"3":[0],"4":[0],"5":[0,0],"6":[0,0],"7":[0,0],"8":[0,0],"9":[0,0],"10":[0,0],"11":[0,0],"12":[0,0],"13":[0,0],"14":[0,0],"15":[0,0]}}
,"D:\\BELAJAR\\RUBICAMP\\PROJECT\\phonebook\\mobile\\src\\store\\index.ts": {"path":"D:\\BELAJAR\\RUBICAMP\\PROJECT\\phonebook\\mobile\\src\\store\\index.ts","statementMap":{"0":{"start":{"line":13,"column":20},"end":{"line":15,"column":2}},"1":{"start":{"line":18,"column":20},"end":{"line":18,"column":68}},"2":{"start":{"line":21,"column":25},"end":{"line":21,"column":123}},"3":{"start":{"line":22,"column":17},"end":{"line":22,"column":66}},"4":{"start":{"line":25,"column":14},"end":{"line":25,"column":48}}},"fnMap":{},"branchMap":{"0":{"loc":{"start":{"line":21,"column":25},"end":{"line":21,"column":123}},"type":"binary-expr","locations":[{"start":{"line":21,"column":26},"end":{"line":21,"column":55}},{"start":{"line":21,"column":59},"end":{"line":21,"column":111}},{"start":{"line":21,"column":116},"end":{"line":21,"column":123}}],"line":21}},"s":{"0":0,"1":0,"2":0,"3":0,"4":0},"f":{},"b":{"0":[0,0,0]}}
,"D:\\BELAJAR\\RUBICAMP\\PROJECT\\phonebook\\mobile\\src\\store\\contacts\\actions.ts": {"path":"D:\\BELAJAR\\RUBICAMP\\PROJECT\\phonebook\\mobile\\src\\store\\contacts\\actions.ts","statementMap":{"0":{"start":{"line":15,"column":29},"end":{"line":41,"column":1}},"1":{"start":{"line":22,"column":2},"end":{"line":40,"column":4}},"2":{"start":{"line":23,"column":4},"end":{"line":23,"column":47}},"3":{"start":{"line":25,"column":4},"end":{"line":39,"column":5}},"4":{"start":{"line":26,"column":23},"end":{"line":26,"column":80}},"5":{"start":{"line":27,"column":6},"end":{"line":33,"column":9}},"6":{"start":{"line":35,"column":6},"end":{"line":38,"column":9}},"7":{"start":{"line":43,"column":29},"end":{"line":60,"column":1}},"8":{"start":{"line":44,"column":2},"end":{"line":59,"column":4}},"9":{"start":{"line":45,"column":4},"end":{"line":58,"column":5}},"10":{"start":{"line":46,"column":23},"end":{"line":46,"column":52}},"11":{"start":{"line":47,"column":6},"end":{"line":53,"column":7}},"12":{"start":{"line":48,"column":8},"end":{"line":51,"column":11}},"13":{"start":{"line":52,"column":8},"end":{"line":52,"column":20}},"14":{"start":{"line":54,"column":6},"end":{"line":54,"column":19}},"15":{"start":{"line":56,"column":6},"end":{"line":56,"column":54}},"16":{"start":{"line":57,"column":6},"end":{"line":57,"column":19}},"17":{"start":{"line":62,"column":27},"end":{"line":79,"column":1}},"18":{"start":{"line":63,"column":2},"end":{"line":78,"column":4}},"19":{"start":{"line":64,"column":4},"end":{"line":77,"column":5}},"20":{"start":{"line":65,"column":23},"end":{"line":65,"column":59}},"21":{"start":{"line":66,"column":6},"end":{"line":72,"column":7}},"22":{"start":{"line":67,"column":8},"end":{"line":70,"column":11}},"23":{"start":{"line":71,"column":8},"end":{"line":71,"column":20}},"24":{"start":{"line":73,"column":6},"end":{"line":73,"column":19}},"25":{"start":{"line":75,"column":6},"end":{"line":75,"column":52}},"26":{"start":{"line":76,"column":6},"end":{"line":76,"column":19}},"27":{"start":{"line":81,"column":29},"end":{"line":98,"column":1}},"28":{"start":{"line":82,"column":2},"end":{"line":97,"column":4}},"29":{"start":{"line":83,"column":4},"end":{"line":96,"column":5}},"30":{"start":{"line":84,"column":23},"end":{"line":84,"column":46}},"31":{"start":{"line":85,"column":6},"end":{"line":91,"column":7}},"32":{"start":{"line":86,"column":8},"end":{"line":89,"column":11}},"33":{"start":{"line":90,"column":8},"end":{"line":90,"column":20}},"34":{"start":{"line":92,"column":6},"end":{"line":92,"column":19}},"35":{"start":{"line":94,"column":6},"end":{"line":94,"column":54}},"36":{"start":{"line":95,"column":6},"end":{"line":95,"column":19}}},"fnMap":{"0":{"name":"(anonymous_0)","decl":{"start":{"line":15,"column":29},"end":{"line":15,"column":30}},"loc":{"start":{"line":21,"column":15},"end":{"line":41,"column":1}},"line":21},"1":{"name":"(anonymous_1)","decl":{"start":{"line":22,"column":9},"end":{"line":22,"column":10}},"loc":{"start":{"line":22,"column":29},"end":{"line":40,"column":3}},"line":22},"2":{"name":"(anonymous_2)","decl":{"start":{"line":43,"column":29},"end":{"line":43,"column":30}},"loc":{"start":{"line":43,"column":87},"end":{"line":60,"column":1}},"line":43},"3":{"name":"(anonymous_3)","decl":{"start":{"line":44,"column":9},"end":{"line":44,"column":10}},"loc":{"start":{"line":44,"column":29},"end":{"line":59,"column":3}},"line":44},"4":{"name":"(anonymous_4)","decl":{"start":{"line":62,"column":27},"end":{"line":62,"column":28}},"loc":{"start":{"line":62,"column":97},"end":{"line":79,"column":1}},"line":62},"5":{"name":"(anonymous_5)","decl":{"start":{"line":63,"column":9},"end":{"line":63,"column":10}},"loc":{"start":{"line":63,"column":29},"end":{"line":78,"column":3}},"line":63},"6":{"name":"(anonymous_6)","decl":{"start":{"line":81,"column":29},"end":{"line":81,"column":30}},"loc":{"start":{"line":81,"column":73},"end":{"line":98,"column":1}},"line":81},"7":{"name":"(anonymous_7)","decl":{"start":{"line":82,"column":9},"end":{"line":82,"column":10}},"loc":{"start":{"line":82,"column":29},"end":{"line":97,"column":3}},"line":82}},"branchMap":{"0":{"loc":{"start":{"line":16,"column":2},"end":{"line":16,"column":18}},"type":"default-arg","locations":[{"start":{"line":16,"column":17},"end":{"line":16,"column":18}}],"line":16},"1":{"loc":{"start":{"line":17,"column":2},"end":{"line":17,"column":20}},"type":"default-arg","locations":[{"start":{"line":17,"column":18},"end":{"line":17,"column":20}}],"line":17},"2":{"loc":{"start":{"line":18,"column":2},"end":{"line":18,"column":25}},"type":"default-arg","locations":[{"start":{"line":18,"column":19},"end":{"line":18,"column":25}}],"line":18},"3":{"loc":{"start":{"line":19,"column":2},"end":{"line":19,"column":35}},"type":"default-arg","locations":[{"start":{"line":19,"column":30},"end":{"line":19,"column":35}}],"line":19},"4":{"loc":{"start":{"line":20,"column":2},"end":{"line":20,"column":21}},"type":"default-arg","locations":[{"start":{"line":20,"column":19},"end":{"line":20,"column":21}}],"line":20},"5":{"loc":{"start":{"line":47,"column":6},"end":{"line":53,"column":7}},"type":"if","locations":[{"start":{"line":47,"column":6},"end":{"line":53,"column":7}},{"start":{},"end":{}}],"line":47},"6":{"loc":{"start":{"line":66,"column":6},"end":{"line":72,"column":7}},"type":"if","locations":[{"start":{"line":66,"column":6},"end":{"line":72,"column":7}},{"start":{},"end":{}}],"line":66},"7":{"loc":{"start":{"line":85,"column":6},"end":{"line":91,"column":7}},"type":"if","locations":[{"start":{"line":85,"column":6},"end":{"line":91,"column":7}},{"start":{},"end":{}}],"line":85}},"s":{"0":0,"1":0,"2":0,"3":0,"4":0,"5":0,"6":0,"7":0,"8":0,"9":0,"10":0,"11":0,"12":0,"13":0,"14":0,"15":0,"16":0,"17":0,"18":0,"19":0,"20":0,"21":0,"22":0,"23":0,"24":0,"25":0,"26":0,"27":0,"28":0,"29":0,"30":0,"31":0,"32":0,"33":0,"34":0,"35":0,"36":0},"f":{"0":0,"1":0,"2":0,"3":0,"4":0,"5":0,"6":0,"7":0},"b":{"0":[0],"1":[0],"2":[0],"3":[0],"4":[0],"5":[0,0],"6":[0,0],"7":[0,0]}}
,"D:\\BELAJAR\\RUBICAMP\\PROJECT\\phonebook\\mobile\\src\\store\\contacts\\reducer.ts": {"path":"D:\\BELAJAR\\RUBICAMP\\PROJECT\\phonebook\\mobile\\src\\store\\contacts\\reducer.ts","statementMap":{"0":{"start":{"line":12,"column":36},"end":{"line":20,"column":1}},"1":{"start":{"line":22,"column":31},"end":{"line":78,"column":1}},"2":{"start":{"line":26,"column":2},"end":{"line":77,"column":3}},"3":{"start":{"line":28,"column":6},"end":{"line":32,"column":8}},"4":{"start":{"line":35,"column":6},"end":{"line":44,"column":8}},"5":{"start":{"line":39,"column":88},"end":{"line":39,"column":103}},"6":{"start":{"line":47,"column":6},"end":{"line":51,"column":8}},"7":{"start":{"line":54,"column":6},"end":{"line":58,"column":8}},"8":{"start":{"line":61,"column":6},"end":{"line":66,"column":8}},"9":{"start":{"line":64,"column":10},"end":{"line":64,"column":69}},"10":{"start":{"line":69,"column":6},"end":{"line":73,"column":8}},"11":{"start":{"line":71,"column":55},"end":{"line":71,"column":84}},"12":{"start":{"line":76,"column":6},"end":{"line":76,"column":19}}},"fnMap":{"0":{"name":"(anonymous_0)","decl":{"start":{"line":22,"column":31},"end":{"line":22,"column":32}},"loc":{"start":{"line":25,"column":20},"end":{"line":78,"column":1}},"line":25},"1":{"name":"(anonymous_1)","decl":{"start":{"line":39,"column":80},"end":{"line":39,"column":81}},"loc":{"start":{"line":39,"column":88},"end":{"line":39,"column":103}},"line":39},"2":{"name":"(anonymous_2)","decl":{"start":{"line":63,"column":41},"end":{"line":63,"column":42}},"loc":{"start":{"line":64,"column":10},"end":{"line":64,"column":69}},"line":64},"3":{"name":"(anonymous_3)","decl":{"start":{"line":71,"column":44},"end":{"line":71,"column":45}},"loc":{"start":{"line":71,"column":55},"end":{"line":71,"column":84}},"line":71}},"branchMap":{"0":{"loc":{"start":{"line":23,"column":2},"end":{"line":23,"column":37}},"type":"default-arg","locations":[{"start":{"line":23,"column":25},"end":{"line":23,"column":37}}],"line":23},"1":{"loc":{"start":{"line":26,"column":2},"end":{"line":77,"column":3}},"type":"switch","locations":[{"start":{"line":27,"column":4},"end":{"line":32,"column":8}},{"start":{"line":34,"column":4},"end":{"line":44,"column":8}},{"start":{"line":46,"column":4},"end":{"line":51,"column":8}},{"start":{"line":53,"column":4},"end":{"line":58,"column":8}},{"start":{"line":60,"column":4},"end":{"line":66,"column":8}},{"start":{"line":68,"column":4},"end":{"line":73,"column":8}},{"start":{"line":75,"column":4},"end":{"line":76,"column":19}}],"line":26},"2":{"loc":{"start":{"line":38,"column":20},"end":{"line":40,"column":37}},"type":"cond-expr","locations":[{"start":{"line":39,"column":12},"end":{"line":39,"column":115}},{"start":{"line":40,"column":12},"end":{"line":40,"column":37}}],"line":38},"3":{"loc":{"start":{"line":64,"column":10},"end":{"line":64,"column":69}},"type":"cond-expr","locations":[{"start":{"line":64,"column":45},"end":{"line":64,"column":59}},{"start":{"line":64,"column":62},"end":{"line":64,"column":69}}],"line":64}},"s":{"0":0,"1":0,"2":0,"3":0,"4":0,"5":0,"6":0,"7":0,"8":0,"9":0,"10":0,"11":0,"12":0},"f":{"0":0,"1":0,"2":0,"3":0},"b":{"0":[0],"1":[0,0,0,0,0,0,0],"2":[0,0],"3":[0,0]}}
,"D:\\BELAJAR\\RUBICAMP\\PROJECT\\phonebook\\mobile\\src\\types\\index.ts": {"path":"D:\\BELAJAR\\RUBICAMP\\PROJECT\\phonebook\\mobile\\src\\types\\index.ts","statementMap":{},"fnMap":{},"branchMap":{},"s":{},"f":{},"b":{}}
}
